TN:
SF:webpack.config.js
FN:91,(anonymous_0)
FN:124,transformHtml
FNF:2
FNH:0
FNDA:0,(anonymous_0)
FNDA:0,transformHtml
DA:1,0
DA:2,0
DA:3,0
DA:4,0
DA:5,0
DA:6,0
DA:7,0
DA:8,0
DA:10,0
DA:12,0
DA:92,0
DA:93,0
DA:95,0
DA:96,0
DA:99,0
DA:106,0
DA:107,0
DA:116,0
DA:117,0
DA:125,0
DA:130,0
LF:21
LH:0
BRDA:95,0,0,0
BRDA:95,0,1,0
BRDA:106,1,0,0
BRDA:106,1,1,0
BRDA:107,2,0,0
BRDA:107,2,1,0
BRDA:116,3,0,0
BRDA:116,3,1,0
BRDA:117,4,0,0
BRDA:117,4,1,0
BRF:10
BRH:0
end_of_record
TN:
SF:coverage/lcov-report/block-navigation.js
FN:2,init
FN:24,toggleClass
FN:31,makeCurrent
FN:41,goToPrevious
FN:52,goToNext
FN:65,jump
FNF:6
FNH:0
FNDA:0,init
FNDA:0,toggleClass
FNDA:0,makeCurrent
FNDA:0,goToPrevious
FNDA:0,goToNext
FNDA:0,jump
DA:2,0
DA:4,0
DA:7,0
DA:10,0
DA:14,0
DA:20,0
DA:25,0
DA:28,0
DA:32,0
DA:33,0
DA:34,0
DA:42,0
DA:43,0
DA:44,0
DA:45,0
DA:46,0
DA:49,0
DA:53,0
DA:55,0
DA:59,0
DA:62,0
DA:65,0
DA:66,0
DA:69,0
DA:70,0
DA:74,0
DA:75,0
DA:79,0
LF:28
LH:0
BRDA:43,0,0,0
BRDA:43,0,1,0
BRDA:43,1,0,0
BRDA:43,1,1,0
BRDA:45,2,0,0
BRDA:45,2,1,0
BRDA:55,3,0,0
BRDA:55,3,1,0
BRDA:56,4,0,0
BRDA:56,4,1,0
BRDA:66,5,0,0
BRDA:66,5,1,0
BRDA:66,5,2,0
BRDA:66,5,3,0
BRDA:66,5,4,0
BRF:15
BRH:0
end_of_record
TN:
SF:coverage/lcov-report/prettify.js
FN:2,(anonymous_0)
FN:2,k
FN:2,ab
FN:2,T
FN:2,X
FN:2,(anonymous_5)
FN:2,W
FN:2,(anonymous_7)
FN:2,a
FN:2,aa
FN:2,B
FN:2,o
FN:2,g
FN:2,(anonymous_13)
FN:2,(anonymous_14)
FN:2,i
FN:2,Q
FN:2,ae
FN:2,ad
FN:2,ai
FN:2,D
FN:2,c
FN:2,q
FN:2,d
FN:2,y
FN:2,b
FN:2,Y
FN:2,(anonymous_27)
FN:2,U
FNF:29
FNH:0
FNDA:0,(anonymous_0)
FNDA:0,k
FNDA:0,ab
FNDA:0,T
FNDA:0,X
FNDA:0,(anonymous_5)
FNDA:0,W
FNDA:0,(anonymous_7)
FNDA:0,a
FNDA:0,aa
FNDA:0,B
FNDA:0,o
FNDA:0,g
FNDA:0,(anonymous_13)
FNDA:0,(anonymous_14)
FNDA:0,i
FNDA:0,Q
FNDA:0,ae
FNDA:0,ad
FNDA:0,ai
FNDA:0,D
FNDA:0,c
FNDA:0,q
FNDA:0,d
FNDA:0,y
FNDA:0,b
FNDA:0,Y
FNDA:0,(anonymous_27)
FNDA:0,U
DA:2,0
LF:1
LH:0
BRDA:2,0,0,0
BRDA:2,0,1,0
BRDA:2,1,0,0
BRDA:2,1,1,0
BRDA:2,2,0,0
BRDA:2,2,1,0
BRDA:2,3,0,0
BRDA:2,3,1,0
BRDA:2,4,0,0
BRDA:2,4,1,0
BRDA:2,5,0,0
BRDA:2,5,1,0
BRDA:2,6,0,0
BRDA:2,6,1,0
BRDA:2,7,0,0
BRDA:2,7,1,0
BRDA:2,8,0,0
BRDA:2,8,1,0
BRDA:2,9,0,0
BRDA:2,9,1,0
BRDA:2,10,0,0
BRDA:2,10,1,0
BRDA:2,11,0,0
BRDA:2,11,1,0
BRDA:2,11,2,0
BRDA:2,11,3,0
BRDA:2,12,0,0
BRDA:2,12,1,0
BRDA:2,13,0,0
BRDA:2,13,1,0
BRDA:2,14,0,0
BRDA:2,14,1,0
BRDA:2,15,0,0
BRDA:2,15,1,0
BRDA:2,16,0,0
BRDA:2,16,1,0
BRDA:2,17,0,0
BRDA:2,17,1,0
BRDA:2,18,0,0
BRDA:2,18,1,0
BRDA:2,19,0,0
BRDA:2,19,1,0
BRDA:2,20,0,0
BRDA:2,20,1,0
BRDA:2,21,0,0
BRDA:2,21,1,0
BRDA:2,22,0,0
BRDA:2,22,1,0
BRDA:2,23,0,0
BRDA:2,23,1,0
BRDA:2,24,0,0
BRDA:2,24,1,0
BRDA:2,25,0,0
BRDA:2,25,1,0
BRDA:2,26,0,0
BRDA:2,26,1,0
BRDA:2,27,0,0
BRDA:2,27,1,0
BRDA:2,28,0,0
BRDA:2,28,1,0
BRDA:2,29,0,0
BRDA:2,29,1,0
BRDA:2,30,0,0
BRDA:2,30,1,0
BRDA:2,31,0,0
BRDA:2,31,1,0
BRDA:2,32,0,0
BRDA:2,32,1,0
BRDA:2,33,0,0
BRDA:2,33,1,0
BRDA:2,34,0,0
BRDA:2,34,1,0
BRDA:2,35,0,0
BRDA:2,35,1,0
BRDA:2,36,0,0
BRDA:2,36,1,0
BRDA:2,37,0,0
BRDA:2,37,1,0
BRDA:2,38,0,0
BRDA:2,38,1,0
BRDA:2,39,0,0
BRDA:2,39,1,0
BRDA:2,40,0,0
BRDA:2,40,1,0
BRDA:2,41,0,0
BRDA:2,41,1,0
BRDA:2,42,0,0
BRDA:2,42,1,0
BRDA:2,43,0,0
BRDA:2,43,1,0
BRDA:2,44,0,0
BRDA:2,44,1,0
BRDA:2,45,0,0
BRDA:2,45,1,0
BRDA:2,46,0,0
BRDA:2,46,1,0
BRDA:2,47,0,0
BRDA:2,47,1,0
BRDA:2,48,0,0
BRDA:2,48,1,0
BRDA:2,49,0,0
BRDA:2,49,1,0
BRDA:2,50,0,0
BRDA:2,50,1,0
BRDA:2,50,2,0
BRDA:2,51,0,0
BRDA:2,51,1,0
BRDA:2,52,0,0
BRDA:2,52,1,0
BRDA:2,53,0,0
BRDA:2,53,1,0
BRDA:2,54,0,0
BRDA:2,54,1,0
BRDA:2,55,0,0
BRDA:2,55,1,0
BRDA:2,56,0,0
BRDA:2,56,1,0
BRDA:2,57,0,0
BRDA:2,57,1,0
BRDA:2,58,0,0
BRDA:2,58,1,0
BRDA:2,59,0,0
BRDA:2,59,1,0
BRDA:2,60,0,0
BRDA:2,60,1,0
BRDA:2,61,0,0
BRDA:2,61,1,0
BRDA:2,62,0,0
BRDA:2,62,1,0
BRDA:2,63,0,0
BRDA:2,63,1,0
BRDA:2,64,0,0
BRDA:2,64,1,0
BRDA:2,65,0,0
BRDA:2,65,1,0
BRDA:2,66,0,0
BRDA:2,66,1,0
BRDA:2,67,0,0
BRDA:2,67,1,0
BRDA:2,68,0,0
BRDA:2,68,1,0
BRDA:2,69,0,0
BRDA:2,69,1,0
BRDA:2,70,0,0
BRDA:2,70,1,0
BRDA:2,71,0,0
BRDA:2,71,1,0
BRDA:2,72,0,0
BRDA:2,72,1,0
BRDA:2,73,0,0
BRDA:2,73,1,0
BRDA:2,74,0,0
BRDA:2,74,1,0
BRDA:2,75,0,0
BRDA:2,75,1,0
BRDA:2,76,0,0
BRDA:2,76,1,0
BRDA:2,77,0,0
BRDA:2,77,1,0
BRDA:2,78,0,0
BRDA:2,78,1,0
BRDA:2,79,0,0
BRDA:2,79,1,0
BRDA:2,80,0,0
BRDA:2,80,1,0
BRDA:2,81,0,0
BRDA:2,81,1,0
BRDA:2,82,0,0
BRDA:2,82,1,0
BRDA:2,83,0,0
BRDA:2,83,1,0
BRDA:2,84,0,0
BRDA:2,84,1,0
BRDA:2,85,0,0
BRDA:2,85,1,0
BRDA:2,86,0,0
BRDA:2,86,1,0
BRDA:2,87,0,0
BRDA:2,87,1,0
BRDA:2,88,0,0
BRDA:2,88,1,0
BRDA:2,89,0,0
BRDA:2,89,1,0
BRDA:2,89,2,0
BRDA:2,90,0,0
BRDA:2,90,1,0
BRDA:2,91,0,0
BRDA:2,91,1,0
BRDA:2,92,0,0
BRDA:2,92,1,0
BRDA:2,93,0,0
BRDA:2,93,1,0
BRDA:2,94,0,0
BRDA:2,94,1,0
BRDA:2,95,0,0
BRDA:2,95,1,0
BRDA:2,96,0,0
BRDA:2,96,1,0
BRDA:2,97,0,0
BRDA:2,97,1,0
BRDA:2,98,0,0
BRDA:2,98,1,0
BRDA:2,99,0,0
BRDA:2,99,1,0
BRDA:2,100,0,0
BRDA:2,100,1,0
BRDA:2,101,0,0
BRDA:2,101,1,0
BRDA:2,102,0,0
BRDA:2,102,1,0
BRDA:2,103,0,0
BRDA:2,103,1,0
BRDA:2,104,0,0
BRDA:2,104,1,0
BRDA:2,105,0,0
BRDA:2,105,1,0
BRDA:2,106,0,0
BRDA:2,106,1,0
BRDA:2,107,0,0
BRDA:2,107,1,0
BRDA:2,108,0,0
BRDA:2,108,1,0
BRDA:2,109,0,0
BRDA:2,109,1,0
BRDA:2,110,0,0
BRDA:2,110,1,0
BRDA:2,111,0,0
BRDA:2,111,1,0
BRDA:2,112,0,0
BRDA:2,112,1,0
BRDA:2,113,0,0
BRDA:2,113,1,0
BRDA:2,114,0,0
BRDA:2,114,1,0
BRDA:2,115,0,0
BRDA:2,115,1,0
BRDA:2,116,0,0
BRDA:2,116,1,0
BRDA:2,117,0,0
BRDA:2,117,1,0
BRDA:2,118,0,0
BRDA:2,118,1,0
BRDA:2,119,0,0
BRDA:2,119,1,0
BRDA:2,120,0,0
BRDA:2,120,1,0
BRDA:2,121,0,0
BRDA:2,121,1,0
BRDA:2,122,0,0
BRDA:2,122,1,0
BRDA:2,123,0,0
BRDA:2,123,1,0
BRDA:2,124,0,0
BRDA:2,124,1,0
BRDA:2,125,0,0
BRDA:2,125,1,0
BRDA:2,126,0,0
BRDA:2,126,1,0
BRDA:2,127,0,0
BRDA:2,127,1,0
BRDA:2,128,0,0
BRDA:2,128,1,0
BRDA:2,128,2,0
BRDA:2,129,0,0
BRDA:2,129,1,0
BRDA:2,130,0,0
BRDA:2,130,1,0
BRDA:2,131,0,0
BRDA:2,131,1,0
BRDA:2,131,2,0
BRDA:2,131,3,0
BRDA:2,131,4,0
BRDA:2,132,0,0
BRDA:2,132,1,0
BRDA:2,133,0,0
BRDA:2,133,1,0
BRDA:2,134,0,0
BRDA:2,134,1,0
BRDA:2,135,0,0
BRDA:2,135,1,0
BRDA:2,136,0,0
BRDA:2,136,1,0
BRDA:2,137,0,0
BRDA:2,137,1,0
BRDA:2,138,0,0
BRDA:2,138,1,0
BRF:286
BRH:0
end_of_record
TN:
SF:coverage/lcov-report/sorter.js
FN:2,(anonymous_0)
FN:11,getTable
FN:15,getTableHeader
FN:19,getTableBody
FN:23,getNthColumn
FN:28,loadColumns
FN:53,loadRowData
FN:72,loadData
FN:81,sortByIndex
FN:83,(anonymous_9)
FN:95,(anonymous_10)
FN:112,removeSortIndicators
FN:120,addSortIndicators
FN:126,enableUI
FN:129,ithSorter
FN:132,(anonymous_15)
FN:159,(anonymous_16)
FNF:17
FNH:0
FNDA:0,(anonymous_0)
FNDA:0,getTable
FNDA:0,getTableHeader
FNDA:0,getTableBody
FNDA:0,getNthColumn
FNDA:0,loadColumns
FNDA:0,loadRowData
FNDA:0,loadData
FNDA:0,sortByIndex
FNDA:0,(anonymous_9)
FNDA:0,(anonymous_10)
FNDA:0,removeSortIndicators
FNDA:0,addSortIndicators
FNDA:0,enableUI
FNDA:0,ithSorter
FNDA:0,(anonymous_15)
FNDA:0,(anonymous_16)
DA:2,0
DA:5,0
DA:12,0
DA:16,0
DA:20,0
DA:24,0
DA:29,0
DA:31,0
DA:35,0
DA:36,0
DA:37,0
DA:42,0
DA:43,0
DA:44,0
DA:45,0
DA:49,0
DA:54,0
DA:57,0
DA:60,0
DA:61,0
DA:62,0
DA:63,0
DA:64,0
DA:65,0
DA:67,0
DA:69,0
DA:73,0
DA:76,0
DA:77,0
DA:82,0
DA:83,0
DA:84,0
DA:85,0
DA:86,0
DA:88,0
DA:89,0
DA:90,0
DA:91,0
DA:94,0
DA:95,0
DA:96,0
DA:100,0
DA:101,0
DA:102,0
DA:105,0
DA:107,0
DA:108,0
DA:113,0
DA:114,0
DA:116,0
DA:117,0
DA:121,0
DA:129,0
DA:130,0
DA:132,0
DA:133,0
DA:135,0
DA:136,0
DA:138,0
DA:139,0
DA:140,0
DA:141,0
DA:142,0
DA:145,0
DA:146,0
DA:149,0
DA:150,0
DA:151,0
DA:153,0
DA:159,0
DA:160,0
DA:161,0
DA:163,0
DA:164,0
DA:165,0
DA:166,0
DA:170,0
LF:77
LH:0
BRDA:40,0,0,0
BRDA:40,0,1,0
BRDA:43,1,0,0
BRDA:43,1,1,0
BRDA:64,2,0,0
BRDA:64,2,1,0
BRDA:86,3,0,0
BRDA:86,3,1,0
BRDA:86,4,0,0
BRDA:86,4,1,0
BRDA:94,5,0,0
BRDA:94,5,1,0
BRDA:121,6,0,0
BRDA:121,6,1,0
BRDA:135,7,0,0
BRDA:135,7,1,0
BRDA:146,8,0,0
BRDA:146,8,1,0
BRDA:150,9,0,0
BRDA:150,9,1,0
BRDA:160,10,0,0
BRDA:160,10,1,0
BRF:22
BRH:0
end_of_record
TN:
SF:dist/background.js
FN:1,(anonymous_0)
FN:1,t
FN:1,(anonymous_2)
FN:1,(anonymous_3)
FN:1,(anonymous_4)
FN:1,(anonymous_5)
FN:1,(anonymous_6)
FN:1,(anonymous_7)
FN:1,(anonymous_8)
FN:1,(anonymous_9)
FN:1,(anonymous_10)
FN:1,(anonymous_11)
FN:1,(anonymous_12)
FN:1,(anonymous_13)
FNF:14
FNH:0
FNDA:0,(anonymous_0)
FNDA:0,t
FNDA:0,(anonymous_2)
FNDA:0,(anonymous_3)
FNDA:0,(anonymous_4)
FNDA:0,(anonymous_5)
FNDA:0,(anonymous_6)
FNDA:0,(anonymous_7)
FNDA:0,(anonymous_8)
FNDA:0,(anonymous_9)
FNDA:0,(anonymous_10)
FNDA:0,(anonymous_11)
FNDA:0,(anonymous_12)
FNDA:0,(anonymous_13)
DA:1,0
LF:1
LH:0
BRDA:1,0,0,0
BRDA:1,0,1,0
BRDA:1,1,0,0
BRDA:1,1,1,0
BRDA:1,2,0,0
BRDA:1,2,1,0
BRDA:1,2,2,0
BRDA:1,3,0,0
BRDA:1,3,1,0
BRDA:1,4,0,0
BRDA:1,4,1,0
BRDA:1,5,0,0
BRDA:1,5,1,0
BRDA:1,6,0,0
BRDA:1,6,1,0
BRDA:1,6,2,0
BRDA:1,6,3,0
BRDA:1,7,0,0
BRDA:1,7,1,0
BRDA:1,8,0,0
BRDA:1,8,1,0
BRDA:1,9,0,0
BRDA:1,9,1,0
BRDA:1,10,0,0
BRDA:1,10,1,0
BRDA:1,11,0,0
BRDA:1,11,1,0
BRDA:1,12,0,0
BRDA:1,12,1,0
BRF:29
BRH:0
end_of_record
TN:
SF:dist/tab/tab.js
FN:1,(anonymous_0)
FN:1,n
FN:1,(anonymous_2)
FN:1,(anonymous_3)
FN:1,(anonymous_4)
FN:1,(anonymous_5)
FN:1,(anonymous_6)
FN:1,(anonymous_7)
FN:1,(anonymous_8)
FN:1,(anonymous_9)
FN:1,(anonymous_10)
FN:1,(anonymous_11)
FN:1,(anonymous_12)
FN:1,(anonymous_13)
FN:1,(anonymous_14)
FN:1,(anonymous_15)
FN:1,(anonymous_16)
FN:1,(anonymous_17)
FN:1,(anonymous_18)
FN:1,(anonymous_19)
FN:1,(anonymous_20)
FN:1,(anonymous_21)
FN:1,(anonymous_22)
FN:1,(anonymous_23)
FN:1,o
FN:1,a
FN:1,s
FN:1,u
FN:1,c
FN:1,(anonymous_29)
FN:1,(anonymous_30)
FN:1,(anonymous_31)
FN:1,(anonymous_32)
FN:1,(anonymous_33)
FN:1,(anonymous_34)
FN:1,(anonymous_35)
FN:1,(anonymous_36)
FN:1,(anonymous_37)
FN:1,(anonymous_38)
FN:1,(anonymous_39)
FN:1,(anonymous_40)
FN:1,t
FN:1,n
FN:1,t
FN:1,n
FN:1,(anonymous_45)
FN:1,(anonymous_46)
FN:1,(anonymous_47)
FN:1,(anonymous_48)
FN:1,(anonymous_49)
FN:1,(anonymous_50)
FN:1,(anonymous_51)
FN:1,(anonymous_52)
FN:1,(anonymous_53)
FN:1,(anonymous_54)
FN:1,(anonymous_55)
FN:1,(anonymous_56)
FN:1,(anonymous_57)
FN:1,(anonymous_58)
FN:1,(anonymous_59)
FN:1,(anonymous_60)
FN:1,(anonymous_61)
FN:1,(anonymous_62)
FN:1,(anonymous_63)
FN:1,(anonymous_64)
FN:1,(anonymous_65)
FN:1,(anonymous_66)
FN:1,(anonymous_67)
FN:1,(anonymous_68)
FN:1,(anonymous_69)
FN:1,(anonymous_70)
FN:1,(anonymous_71)
FN:1,(anonymous_72)
FN:1,(anonymous_73)
FN:1,(anonymous_74)
FN:1,(anonymous_75)
FN:1,(anonymous_76)
FN:1,(anonymous_77)
FN:1,(anonymous_78)
FN:1,(anonymous_79)
FN:1,(anonymous_80)
FN:1,(anonymous_81)
FN:1,(anonymous_82)
FN:16,(anonymous_83)
FN:16,(anonymous_84)
FN:16,(anonymous_85)
FN:16,i
FN:16,n
FN:16,(anonymous_88)
FN:16,(anonymous_89)
FN:16,a
FN:16,s
FN:16,u
FN:16,(anonymous_93)
FN:16,c
FN:16,l
FN:16,(anonymous_96)
FN:16,a
FN:16,s
FN:16,u
FN:16,(anonymous_100)
FN:16,h
FN:16,(anonymous_102)
FN:16,(anonymous_103)
FN:16,s
FN:16,(anonymous_105)
FN:16,(anonymous_106)
FN:16,f
FN:16,p
FN:16,(anonymous_109)
FN:16,d
FN:16,v
FN:16,y
FN:16,m
FN:16,_
FN:16,(anonymous_115)
FN:16,a
FN:16,(anonymous_117)
FN:16,(anonymous_118)
FN:16,s
FN:16,u
FN:16,c
FN:16,l
FN:16,g
FN:16,(anonymous_124)
FN:16,(anonymous_125)
FN:16,r
FN:16,(anonymous_127)
FN:16,b
FN:16,(anonymous_129)
FN:16,r
FN:16,(anonymous_131)
FN:16,(anonymous_132)
FN:16,(anonymous_133)
FN:16,(anonymous_134)
FN:16,w
FN:16,C
FN:16,E
FN:16,(anonymous_138)
FN:16,(anonymous_139)
FN:16,(anonymous_140)
FN:16,(anonymous_141)
FN:16,(anonymous_142)
FN:16,(anonymous_143)
FN:16,(anonymous_144)
FN:16,(anonymous_145)
FN:16,(anonymous_146)
FN:16,(anonymous_147)
FN:16,(anonymous_148)
FN:16,(anonymous_149)
FN:16,(anonymous_150)
FN:16,(anonymous_151)
FN:16,(anonymous_152)
FN:16,(anonymous_153)
FN:16,(anonymous_154)
FN:16,(anonymous_155)
FN:16,(anonymous_156)
FN:16,(anonymous_157)
FN:16,(anonymous_158)
FN:16,(anonymous_159)
FN:16,(anonymous_160)
FN:16,(anonymous_161)
FN:16,(anonymous_162)
FN:16,(anonymous_163)
FN:16,(anonymous_164)
FN:16,(anonymous_165)
FN:16,(anonymous_166)
FN:16,(anonymous_167)
FN:16,(anonymous_168)
FN:16,(anonymous_169)
FN:16,(anonymous_170)
FN:16,(anonymous_171)
FN:16,(anonymous_172)
FN:16,(anonymous_173)
FN:16,(anonymous_174)
FN:16,(anonymous_175)
FN:16,(anonymous_176)
FN:16,(anonymous_177)
FN:16,(anonymous_178)
FN:16,(anonymous_179)
FN:16,(anonymous_180)
FN:16,(anonymous_181)
FN:16,(anonymous_182)
FN:16,(anonymous_183)
FN:16,(anonymous_184)
FN:16,(anonymous_185)
FN:16,(anonymous_186)
FN:16,(anonymous_187)
FN:16,(anonymous_188)
FN:16,t
FN:16,(anonymous_190)
FN:16,(anonymous_191)
FN:16,(anonymous_192)
FN:16,(anonymous_193)
FN:16,(anonymous_194)
FN:16,(anonymous_195)
FN:16,(anonymous_196)
FN:16,(anonymous_197)
FN:16,(anonymous_198)
FN:16,(anonymous_199)
FN:16,(anonymous_200)
FN:16,(anonymous_201)
FN:16,(anonymous_202)
FN:16,(anonymous_203)
FN:16,(anonymous_204)
FN:49,t
FN:49,(anonymous_206)
FN:49,(anonymous_207)
FN:49,(anonymous_208)
FN:49,(anonymous_209)
FN:49,(anonymous_210)
FN:49,(anonymous_211)
FN:49,i
FN:49,u
FN:49,(anonymous_214)
FN:49,(anonymous_215)
FN:49,(anonymous_216)
FN:49,(anonymous_217)
FN:49,(anonymous_218)
FN:49,(anonymous_219)
FN:49,t
FN:49,(anonymous_221)
FN:49,(anonymous_222)
FN:49,(anonymous_223)
FN:65,(anonymous_224)
FN:98,(anonymous_225)
FN:98,(anonymous_226)
FN:98,(anonymous_227)
FN:98,(anonymous_228)
FN:98,(anonymous_229)
FN:104,r
FN:104,i
FN:104,o
FN:104,a
FN:104,s
FN:104,c
FN:104,l
FN:104,h
FN:104,f
FN:104,p
FN:104,d
FN:104,v
FN:104,(anonymous_242)
FN:104,(anonymous_243)
FN:104,m
FN:104,g
FN:104,b
FN:104,(anonymous_247)
FN:104,(anonymous_248)
FN:104,(anonymous_249)
FN:104,(anonymous_250)
FN:104,(anonymous_251)
FN:104,(anonymous_252)
FN:104,(anonymous_253)
FN:104,n
FN:104,k
FN:104,O
FN:104,I
FN:104,R
FN:104,(anonymous_259)
FN:104,(anonymous_260)
FN:104,P
FN:104,(anonymous_262)
FN:104,(anonymous_263)
FN:104,A
FN:104,M
FN:104,(anonymous_266)
FN:104,V
FN:104,(anonymous_268)
FN:104,(anonymous_269)
FN:104,ot
FN:104,(anonymous_271)
FN:104,t
FN:104,(anonymous_273)
FN:104,(anonymous_274)
FN:104,(anonymous_275)
FN:104,(anonymous_276)
FN:104,(anonymous_277)
FN:104,(anonymous_278)
FN:104,(anonymous_279)
FN:104,(anonymous_280)
FN:104,ft
FN:104,pt
FN:104,(anonymous_283)
FN:104,(anonymous_284)
FN:104,(anonymous_285)
FN:104,mt
FN:104,_t
FN:104,(anonymous_288)
FN:104,(anonymous_289)
FN:104,Et
FN:104,(anonymous_291)
FN:104,(anonymous_292)
FN:104,(anonymous_293)
FN:104,xt
FN:104,Tt
FN:104,(anonymous_296)
FN:104,t
FN:104,(anonymous_298)
FN:104,kt
FN:104,Ot
FN:104,(anonymous_301)
FN:104,(anonymous_302)
FN:104,Rt
FN:104,Nt
FN:104,(anonymous_305)
FN:104,(anonymous_306)
FN:104,Dt
FN:104,(anonymous_308)
FN:104,Pt
FN:104,(anonymous_310)
FN:104,(anonymous_311)
FN:104,(anonymous_312)
FN:104,(anonymous_313)
FN:104,(anonymous_314)
FN:104,(anonymous_315)
FN:104,Mt
FN:104,(anonymous_317)
FN:104,(anonymous_318)
FN:104,(anonymous_319)
FN:104,s
FN:104,Lt
FN:104,Ft
FN:104,(anonymous_323)
FN:104,jt
FN:104,Ut
FN:104,Wt
FN:104,Vt
FN:104,Yt
FN:104,(anonymous_329)
FN:104,Ht
FN:104,$t
FN:104,zt
FN:104,(anonymous_333)
FN:104,(anonymous_334)
FN:104,(anonymous_335)
FN:104,(anonymous_336)
FN:104,te
FN:104,(anonymous_338)
FN:104,(anonymous_339)
FN:104,ne
FN:104,t
FN:104,(anonymous_342)
FN:104,ie
FN:104,n
FN:104,oe
FN:104,ae
FN:104,u
FN:104,se
FN:104,ue
FN:104,t
FN:104,ce
FN:104,le
FN:104,he
FN:104,fe
FN:104,pe
FN:104,de
FN:104,(anonymous_357)
FN:104,ve
FN:104,(anonymous_359)
FN:104,ye
FN:104,me
FN:104,_e
FN:104,ge
FN:104,be
FN:104,we
FN:104,(anonymous_366)
FN:104,(anonymous_367)
FN:104,Ce
FN:104,Ee
FN:104,Se
FN:104,xe
FN:104,Te
FN:104,ke
FN:104,Oe
FN:104,Ie
FN:104,Re
FN:104,Ne
FN:104,(anonymous_378)
FN:104,(anonymous_379)
FN:104,(anonymous_380)
FN:104,(anonymous_381)
FN:104,De
FN:104,Pe
FN:104,(anonymous_384)
FN:104,(anonymous_385)
FN:104,(anonymous_386)
FN:104,(anonymous_387)
FN:104,(anonymous_388)
FN:104,(anonymous_389)
FN:104,t
FN:104,Le
FN:104,(anonymous_392)
FN:104,(anonymous_393)
FN:104,(anonymous_394)
FN:104,(anonymous_395)
FN:104,(anonymous_396)
FN:104,(anonymous_397)
FN:104,(anonymous_398)
FN:104,(anonymous_399)
FN:104,(anonymous_400)
FN:104,(anonymous_401)
FN:104,(anonymous_402)
FN:104,(anonymous_403)
FN:104,Fe
FN:104,(anonymous_405)
FN:104,We
FN:104,(anonymous_407)
FN:104,(anonymous_408)
FN:104,t
FN:104,(anonymous_410)
FN:104,He
FN:104,$e
FN:104,qe
FN:104,Be
FN:104,Ge
FN:104,Qe
FN:104,r
FN:104,ze
FN:104,Xe
FN:104,(anonymous_420)
FN:104,Ze
FN:104,Je
FN:104,tn
FN:104,(anonymous_424)
FN:104,hn
FN:104,(anonymous_426)
FN:104,(anonymous_427)
FN:104,(anonymous_428)
FN:104,(anonymous_429)
FN:104,(anonymous_430)
FN:104,(anonymous_431)
FN:104,(anonymous_432)
FN:104,(anonymous_433)
FN:104,(anonymous_434)
FN:104,(anonymous_435)
FN:104,(anonymous_436)
FN:104,(anonymous_437)
FN:104,(anonymous_438)
FN:104,(anonymous_439)
FN:104,(anonymous_440)
FN:104,vn
FN:104,(anonymous_442)
FN:104,(anonymous_443)
FN:104,yn
FN:104,(anonymous_445)
FN:104,(anonymous_446)
FN:104,(anonymous_447)
FN:104,(anonymous_448)
FN:104,(anonymous_449)
FN:104,(anonymous_450)
FN:104,(anonymous_451)
FN:104,_n
FN:104,gn
FN:104,(anonymous_454)
FN:104,bn
FN:104,(anonymous_456)
FN:104,wn
FN:104,En
FN:104,(anonymous_459)
FN:104,Sn
FN:104,xn
FN:104,(anonymous_462)
FN:104,(anonymous_463)
FN:104,(anonymous_464)
FN:104,(anonymous_465)
FN:104,(anonymous_466)
FN:104,Tn
FN:104,kn
FN:104,On
FN:104,In
FN:104,(anonymous_471)
FN:104,(anonymous_472)
FN:104,(anonymous_473)
FN:104,(anonymous_474)
FN:104,(anonymous_475)
FN:104,(anonymous_476)
FN:104,(anonymous_477)
FN:104,(anonymous_478)
FN:104,(anonymous_479)
FN:104,(anonymous_480)
FN:104,(anonymous_481)
FN:104,(anonymous_482)
FN:104,(anonymous_483)
FN:104,(anonymous_484)
FN:104,(anonymous_485)
FN:104,(anonymous_486)
FN:104,(anonymous_487)
FN:104,(anonymous_488)
FN:104,(anonymous_489)
FN:104,r
FN:104,(anonymous_491)
FN:104,(anonymous_492)
FN:104,(anonymous_493)
FN:104,(anonymous_494)
FN:104,(anonymous_495)
FN:104,(anonymous_496)
FN:104,(anonymous_497)
FN:104,(anonymous_498)
FN:104,(anonymous_499)
FN:104,(anonymous_500)
FN:104,(anonymous_501)
FN:104,(anonymous_502)
FN:104,(anonymous_503)
FN:104,(anonymous_504)
FN:104,(anonymous_505)
FN:104,(anonymous_506)
FN:104,(anonymous_507)
FN:104,(anonymous_508)
FN:104,(anonymous_509)
FN:104,(anonymous_510)
FN:104,(anonymous_511)
FN:104,(anonymous_512)
FN:104,(anonymous_513)
FN:104,(anonymous_514)
FN:104,(anonymous_515)
FN:104,(anonymous_516)
FN:104,(anonymous_517)
FN:104,(anonymous_518)
FN:104,(anonymous_519)
FN:104,(anonymous_520)
FN:104,(anonymous_521)
FN:104,(anonymous_522)
FN:104,(anonymous_523)
FN:104,Yn
FN:104,(anonymous_525)
FN:104,Hn
FN:104,$n
FN:104,qn
FN:104,(anonymous_529)
FN:104,(anonymous_530)
FN:104,(anonymous_531)
FN:104,(anonymous_532)
FN:104,(anonymous_533)
FN:104,(anonymous_534)
FN:104,(anonymous_535)
FN:104,(anonymous_536)
FN:104,(anonymous_537)
FN:104,(anonymous_538)
FN:104,(anonymous_539)
FN:104,(anonymous_540)
FN:104,(anonymous_541)
FN:104,(anonymous_542)
FN:104,(anonymous_543)
FN:104,(anonymous_544)
FN:104,(anonymous_545)
FN:104,(anonymous_546)
FN:104,tr
FN:104,rr
FN:104,(anonymous_549)
FN:104,ir
FN:104,(anonymous_551)
FN:104,ar
FN:104,(anonymous_553)
FN:104,(anonymous_554)
FN:104,(anonymous_555)
FN:104,ur
FN:104,cr
FN:104,lr
FN:104,fr
FN:104,pr
FN:104,dr
FN:104,(anonymous_562)
FN:104,yr
FN:104,wr
FN:104,i
FN:104,Er
FN:104,(anonymous_567)
FN:104,Sr
FN:104,xr
FN:104,(anonymous_570)
FN:104,Or
FN:104,Ir
FN:104,(anonymous_573)
FN:104,(anonymous_574)
FN:104,(anonymous_575)
FN:104,(anonymous_576)
FN:104,Dr
FN:104,Pr
FN:104,(anonymous_579)
FN:104,(anonymous_580)
FN:104,Wr
FN:104,(anonymous_582)
FN:104,Hr
FN:104,(anonymous_584)
FN:104,$r
FN:104,(anonymous_586)
FN:104,qr
FN:104,(anonymous_588)
FN:104,(anonymous_589)
FN:104,ei
FN:104,(anonymous_591)
FN:104,ni
FN:104,ri
FN:104,ii
FN:104,(anonymous_595)
FN:104,(anonymous_596)
FN:104,(anonymous_597)
FN:104,ai
FN:104,si
FN:104,(anonymous_600)
FN:104,ui
FN:104,ci
FN:104,(anonymous_603)
FN:104,(anonymous_604)
FN:104,(anonymous_605)
FN:104,li
FN:104,(anonymous_607)
FN:104,E
FN:104,(anonymous_609)
FN:104,hi
FN:104,fi
FN:104,pi
FN:104,(anonymous_613)
FN:104,l
FN:104,h
FN:104,(anonymous_616)
FN:104,(anonymous_617)
FN:104,f
FN:104,p
FN:104,d
FN:104,y
FN:104,m
FN:104,_
FN:104,g
FN:104,b
FN:104,w
FN:104,C
FN:104,(anonymous_628)
FN:104,n
FN:104,E
FN:104,S
FN:104,(anonymous_632)
FN:104,x
FN:104,k
FN:104,(anonymous_635)
FN:104,(anonymous_636)
FN:104,(anonymous_637)
FN:104,(anonymous_638)
FN:104,(anonymous_639)
FN:104,(anonymous_640)
FN:104,(anonymous_641)
FN:104,(anonymous_642)
FN:104,yi
FN:104,(anonymous_644)
FN:104,mi
FN:104,_i
FN:104,(anonymous_647)
FN:104,gi
FN:104,bi
FN:104,wi
FN:104,Ci
FN:104,Ei
FN:104,(anonymous_653)
FN:104,(anonymous_654)
FN:104,(anonymous_655)
FN:104,(anonymous_656)
FN:104,(anonymous_657)
FN:104,(anonymous_658)
FN:104,Ti
FN:104,ki
FN:104,Oi
FN:104,(anonymous_662)
FN:104,(anonymous_663)
FN:104,(anonymous_664)
FN:104,(anonymous_665)
FN:104,(anonymous_666)
FN:104,(anonymous_667)
FN:104,(anonymous_668)
FN:104,(anonymous_669)
FN:104,Pi
FN:104,Ai
FN:104,Mi
FN:104,(anonymous_673)
FN:104,(anonymous_674)
FN:104,(anonymous_675)
FN:104,(anonymous_676)
FN:104,(anonymous_677)
FN:104,t
FN:104,(anonymous_679)
FN:104,(anonymous_680)
FN:104,(anonymous_681)
FN:104,(anonymous_682)
FN:104,(anonymous_683)
FN:104,(anonymous_684)
FN:104,(anonymous_685)
FN:104,(anonymous_686)
FN:104,(anonymous_687)
FN:104,(anonymous_688)
FN:104,(anonymous_689)
FN:104,(anonymous_690)
FN:104,(anonymous_691)
FN:104,(anonymous_692)
FN:104,(anonymous_693)
FN:104,(anonymous_694)
FN:104,(anonymous_695)
FN:104,(anonymous_696)
FN:104,(anonymous_697)
FN:104,(anonymous_698)
FN:104,(anonymous_699)
FN:104,(anonymous_700)
FN:104,(anonymous_701)
FN:104,(anonymous_702)
FN:104,(anonymous_703)
FN:104,(anonymous_704)
FN:104,(anonymous_705)
FN:104,(anonymous_706)
FN:104,(anonymous_707)
FN:104,(anonymous_708)
FN:104,(anonymous_709)
FN:104,(anonymous_710)
FN:104,(anonymous_711)
FN:104,u
FN:104,(anonymous_713)
FN:104,(anonymous_714)
FN:104,c
FN:104,v
FN:104,y
FN:104,m
FN:104,(anonymous_719)
FN:104,C
FN:104,(anonymous_721)
FN:104,(anonymous_722)
FN:104,E
FN:104,(anonymous_724)
FN:104,o
FN:104,(anonymous_726)
FN:104,e
FN:104,(anonymous_728)
FN:104,(anonymous_729)
FN:104,(anonymous_730)
FN:104,(anonymous_731)
FN:104,S
FN:104,x
FN:104,T
FN:104,k
FN:104,O
FN:104,n
FN:104,I
FN:104,(anonymous_739)
FN:104,(anonymous_740)
FN:104,(anonymous_741)
FN:104,(anonymous_742)
FN:104,(anonymous_743)
FN:104,(anonymous_744)
FN:104,(anonymous_745)
FN:104,(anonymous_746)
FN:104,(anonymous_747)
FN:104,n
FN:104,(anonymous_749)
FN:104,(anonymous_750)
FN:104,(anonymous_751)
FN:104,i
FN:104,(anonymous_753)
FN:104,(anonymous_754)
FN:104,(anonymous_755)
FN:104,(anonymous_756)
FN:104,(anonymous_757)
FN:104,(anonymous_758)
FN:104,(anonymous_759)
FN:104,(anonymous_760)
FN:104,(anonymous_761)
FN:104,(anonymous_762)
FN:104,(anonymous_763)
FN:104,(anonymous_764)
FN:104,(anonymous_765)
FN:104,(anonymous_766)
FN:104,(anonymous_767)
FN:104,(anonymous_768)
FN:104,(anonymous_769)
FN:104,(anonymous_770)
FN:104,(anonymous_771)
FN:104,(anonymous_772)
FN:104,(anonymous_773)
FN:104,(anonymous_774)
FN:104,(anonymous_775)
FN:104,(anonymous_776)
FN:104,(anonymous_777)
FN:104,(anonymous_778)
FN:104,(anonymous_779)
FN:104,t
FN:104,(anonymous_781)
FN:104,(anonymous_782)
FN:104,(anonymous_783)
FN:104,(anonymous_784)
FN:104,t
FN:104,(anonymous_786)
FN:104,(anonymous_787)
FN:104,(anonymous_788)
FN:104,(anonymous_789)
FN:104,(anonymous_790)
FN:120,(anonymous_791)
FN:120,(anonymous_792)
FN:120,(anonymous_793)
FN:120,(anonymous_794)
FN:120,(anonymous_795)
FN:120,(anonymous_796)
FN:120,(anonymous_797)
FN:120,(anonymous_798)
FN:120,(anonymous_799)
FN:120,(anonymous_800)
FN:120,(anonymous_801)
FN:120,t
FN:120,(anonymous_803)
FN:120,(anonymous_804)
FN:120,(anonymous_805)
FN:120,(anonymous_806)
FN:120,(anonymous_807)
FN:120,(anonymous_808)
FN:120,(anonymous_809)
FN:120,(anonymous_810)
FN:120,(anonymous_811)
FN:120,(anonymous_812)
FN:120,(anonymous_813)
FN:120,(anonymous_814)
FN:120,(anonymous_815)
FN:120,(anonymous_816)
FN:120,(anonymous_817)
FN:120,(anonymous_818)
FN:137,(anonymous_819)
FN:137,(anonymous_820)
FN:137,(anonymous_821)
FN:137,(anonymous_822)
FN:137,(anonymous_823)
FN:137,(anonymous_824)
FN:137,(anonymous_825)
FN:137,(anonymous_826)
FN:137,(anonymous_827)
FN:137,(anonymous_828)
FN:137,(anonymous_829)
FN:137,(anonymous_830)
FN:137,(anonymous_831)
FN:137,(anonymous_832)
FN:137,(anonymous_833)
FN:137,(anonymous_834)
FN:137,(anonymous_835)
FN:137,(anonymous_836)
FN:137,(anonymous_837)
FN:137,(anonymous_838)
FN:137,(anonymous_839)
FN:137,(anonymous_840)
FN:137,(anonymous_841)
FN:137,(anonymous_842)
FN:137,(anonymous_843)
FN:137,(anonymous_844)
FN:137,(anonymous_845)
FN:137,(anonymous_846)
FN:137,(anonymous_847)
FN:137,(anonymous_848)
FN:137,(anonymous_849)
FN:137,(anonymous_850)
FN:137,(anonymous_851)
FN:137,(anonymous_852)
FN:137,(anonymous_853)
FN:137,(anonymous_854)
FN:137,(anonymous_855)
FN:137,(anonymous_856)
FN:137,(anonymous_857)
FN:137,(anonymous_858)
FN:137,o
FN:137,a
FN:137,s
FN:137,(anonymous_862)
FN:137,f
FN:137,p
FN:137,(anonymous_865)
FN:137,d
FN:137,v
FN:137,(anonymous_868)
FN:137,(anonymous_869)
FN:137,(anonymous_870)
FN:137,(anonymous_871)
FN:137,(anonymous_872)
FN:137,(anonymous_873)
FN:137,(anonymous_874)
FN:137,(anonymous_875)
FN:137,(anonymous_876)
FN:137,(anonymous_877)
FN:137,(anonymous_878)
FN:137,(anonymous_879)
FN:137,(anonymous_880)
FN:137,(anonymous_881)
FN:137,(anonymous_882)
FN:137,(anonymous_883)
FN:137,(anonymous_884)
FN:137,(anonymous_885)
FN:137,(anonymous_886)
FN:137,(anonymous_887)
FN:153,l
FN:169,(anonymous_889)
FN:169,t
FN:169,(anonymous_891)
FN:169,(anonymous_892)
FN:169,(anonymous_893)
FN:169,(anonymous_894)
FN:169,(anonymous_895)
FN:169,(anonymous_896)
FN:185,f
FN:202,(anonymous_898)
FN:202,e
FN:202,(anonymous_900)
FN:202,t
FN:202,(anonymous_902)
FN:202,y
FN:202,(anonymous_904)
FN:218,_
FN:235,(anonymous_906)
FN:252,(anonymous_907)
FN:252,t
FN:252,(anonymous_909)
FN:252,(anonymous_910)
FN:252,(anonymous_911)
FN:252,(anonymous_912)
FN:252,(anonymous_913)
FN:252,t
FN:252,(anonymous_915)
FN:252,(anonymous_916)
FN:252,(anonymous_917)
FN:252,(anonymous_918)
FN:252,(anonymous_919)
FN:252,(anonymous_920)
FN:252,(anonymous_921)
FN:252,(anonymous_922)
FN:252,(anonymous_923)
FN:252,(anonymous_924)
FN:252,(anonymous_925)
FN:252,(anonymous_926)
FN:252,(anonymous_927)
FN:252,(anonymous_928)
FN:252,(anonymous_929)
FN:252,(anonymous_930)
FN:252,(anonymous_931)
FN:252,C
FN:268,E
FN:268,(anonymous_934)
FN:268,(anonymous_935)
FN:268,(anonymous_936)
FN:268,(anonymous_937)
FN:268,(anonymous_938)
FN:285,(anonymous_939)
FN:285,(anonymous_940)
FN:302,(anonymous_941)
FN:302,(anonymous_942)
FN:302,(anonymous_943)
FN:302,(anonymous_944)
FN:302,(anonymous_945)
FN:302,(anonymous_946)
FN:302,(anonymous_947)
FN:302,(anonymous_948)
FN:302,(anonymous_949)
FN:302,(anonymous_950)
FN:302,(anonymous_951)
FN:302,(anonymous_952)
FN:302,(anonymous_953)
FN:302,(anonymous_954)
FN:302,(anonymous_955)
FN:302,(anonymous_956)
FN:318,(anonymous_957)
FN:318,(anonymous_958)
FN:318,(anonymous_959)
FN:318,(anonymous_960)
FN:318,(anonymous_961)
FN:318,(anonymous_962)
FN:318,(anonymous_963)
FN:318,(anonymous_964)
FN:318,(anonymous_965)
FN:318,(anonymous_966)
FN:318,(anonymous_967)
FN:318,(anonymous_968)
FN:334,(anonymous_969)
FN:334,(anonymous_970)
FN:334,(anonymous_971)
FN:334,(anonymous_972)
FN:334,(anonymous_973)
FN:334,(anonymous_974)
FN:334,(anonymous_975)
FN:334,(anonymous_976)
FN:334,(anonymous_977)
FN:334,(anonymous_978)
FN:334,(anonymous_979)
FN:334,(anonymous_980)
FN:334,(anonymous_981)
FN:334,(anonymous_982)
FN:334,(anonymous_983)
FN:334,(anonymous_984)
FN:334,(anonymous_985)
FN:334,(anonymous_986)
FN:334,(anonymous_987)
FN:334,(anonymous_988)
FN:334,(anonymous_989)
FN:334,(anonymous_990)
FN:334,(anonymous_991)
FN:334,(anonymous_992)
FN:334,(anonymous_993)
FN:334,(anonymous_994)
FN:334,(anonymous_995)
FN:334,(anonymous_996)
FN:334,(anonymous_997)
FN:334,(anonymous_998)
FN:334,(anonymous_999)
FN:334,(anonymous_1000)
FN:334,(anonymous_1001)
FN:334,(anonymous_1002)
FN:334,(anonymous_1003)
FN:334,(anonymous_1004)
FN:334,(anonymous_1005)
FN:334,(anonymous_1006)
FN:334,(anonymous_1007)
FN:334,(anonymous_1008)
FN:334,(anonymous_1009)
FN:334,(anonymous_1010)
FN:334,(anonymous_1011)
FN:334,(anonymous_1012)
FN:334,(anonymous_1013)
FN:334,(anonymous_1014)
FN:334,(anonymous_1015)
FN:334,(anonymous_1016)
FN:334,(anonymous_1017)
FN:334,(anonymous_1018)
FN:334,(anonymous_1019)
FN:334,(anonymous_1020)
FN:334,(anonymous_1021)
FN:334,(anonymous_1022)
FN:334,(anonymous_1023)
FN:334,(anonymous_1024)
FN:334,(anonymous_1025)
FN:334,(anonymous_1026)
FN:334,(anonymous_1027)
FN:334,(anonymous_1028)
FN:334,(anonymous_1029)
FN:334,(anonymous_1030)
FN:334,(anonymous_1031)
FN:334,(anonymous_1032)
FN:334,(anonymous_1033)
FN:334,(anonymous_1034)
FN:334,(anonymous_1035)
FN:334,(anonymous_1036)
FN:334,(anonymous_1037)
FN:334,(anonymous_1038)
FN:334,(anonymous_1039)
FN:334,(anonymous_1040)
FN:334,(anonymous_1041)
FN:334,(anonymous_1042)
FN:334,(anonymous_1043)
FN:334,(anonymous_1044)
FN:334,(anonymous_1045)
FN:334,(anonymous_1046)
FN:334,(anonymous_1047)
FN:334,(anonymous_1048)
FN:334,(anonymous_1049)
FN:334,(anonymous_1050)
FN:334,(anonymous_1051)
FN:334,(anonymous_1052)
FN:334,(anonymous_1053)
FN:334,(anonymous_1054)
FN:334,(anonymous_1055)
FN:334,(anonymous_1056)
FN:334,(anonymous_1057)
FN:334,(anonymous_1058)
FN:334,(anonymous_1059)
FN:334,(anonymous_1060)
FN:349,r
FN:365,(anonymous_1062)
FN:365,(anonymous_1063)
FN:365,(anonymous_1064)
FN:365,(anonymous_1065)
FN:365,(anonymous_1066)
FN:365,(anonymous_1067)
FN:365,t
FN:365,(anonymous_1069)
FN:365,(anonymous_1070)
FN:365,(anonymous_1071)
FN:365,(anonymous_1072)
FN:365,(anonymous_1073)
FN:365,(anonymous_1074)
FN:365,(anonymous_1075)
FN:365,(anonymous_1076)
FN:365,(anonymous_1077)
FN:382,c
FN:382,(anonymous_1079)
FN:382,(anonymous_1080)
FN:382,(anonymous_1081)
FN:382,(anonymous_1082)
FN:382,(anonymous_1083)
FN:382,i
FN:382,(anonymous_1085)
FN:382,(anonymous_1086)
FN:382,(anonymous_1087)
FN:382,(anonymous_1088)
FN:382,(anonymous_1089)
FN:382,(anonymous_1090)
FN:382,(anonymous_1091)
FN:382,a
FN:382,(anonymous_1093)
FN:382,(anonymous_1094)
FN:382,(anonymous_1095)
FN:382,(anonymous_1096)
FN:382,(anonymous_1097)
FN:382,(anonymous_1098)
FN:382,(anonymous_1099)
FN:382,(anonymous_1100)
FN:382,(anonymous_1101)
FN:382,(anonymous_1102)
FN:382,(anonymous_1103)
FN:382,(anonymous_1104)
FN:382,(anonymous_1105)
FN:382,(anonymous_1106)
FN:382,(anonymous_1107)
FN:382,(anonymous_1108)
FN:382,(anonymous_1109)
FN:382,(anonymous_1110)
FN:382,(anonymous_1111)
FN:382,(anonymous_1112)
FN:382,(anonymous_1113)
FN:382,(anonymous_1114)
FN:382,(anonymous_1115)
FN:382,(anonymous_1116)
FN:382,r
FN:382,(anonymous_1118)
FN:382,(anonymous_1119)
FN:382,(anonymous_1120)
FN:382,(anonymous_1121)
FN:382,(anonymous_1122)
FN:382,(anonymous_1123)
FN:382,(anonymous_1124)
FN:382,(anonymous_1125)
FN:382,(anonymous_1126)
FN:382,(anonymous_1127)
FN:382,(anonymous_1128)
FN:382,(anonymous_1129)
FN:382,(anonymous_1130)
FN:382,(anonymous_1131)
FN:382,(anonymous_1132)
FN:382,(anonymous_1133)
FN:382,(anonymous_1134)
FN:382,(anonymous_1135)
FN:382,(anonymous_1136)
FN:382,(anonymous_1137)
FN:382,(anonymous_1138)
FN:382,(anonymous_1139)
FN:382,(anonymous_1140)
FN:382,(anonymous_1141)
FN:382,(anonymous_1142)
FN:382,(anonymous_1143)
FN:382,(anonymous_1144)
FN:382,(anonymous_1145)
FN:382,(anonymous_1146)
FN:382,(anonymous_1147)
FN:382,(anonymous_1148)
FN:382,(anonymous_1149)
FN:382,(anonymous_1150)
FN:382,(anonymous_1151)
FN:382,(anonymous_1152)
FN:382,(anonymous_1153)
FN:382,(anonymous_1154)
FN:382,(anonymous_1155)
FN:382,(anonymous_1156)
FN:382,(anonymous_1157)
FN:382,(anonymous_1158)
FN:382,(anonymous_1159)
FN:382,(anonymous_1160)
FN:382,(anonymous_1161)
FN:382,(anonymous_1162)
FN:382,(anonymous_1163)
FN:382,(anonymous_1164)
FN:382,(anonymous_1165)
FN:382,(anonymous_1166)
FN:382,(anonymous_1167)
FN:382,(anonymous_1168)
FN:382,(anonymous_1169)
FN:382,(anonymous_1170)
FN:382,(anonymous_1171)
FN:382,(anonymous_1172)
FN:382,(anonymous_1173)
FN:382,(anonymous_1174)
FN:382,(anonymous_1175)
FN:382,(anonymous_1176)
FN:382,(anonymous_1177)
FN:382,(anonymous_1178)
FN:382,(anonymous_1179)
FN:382,(anonymous_1180)
FN:382,(anonymous_1181)
FN:382,(anonymous_1182)
FN:382,t
FN:382,(anonymous_1184)
FN:382,(anonymous_1185)
FN:382,(anonymous_1186)
FN:382,(anonymous_1187)
FN:382,(anonymous_1188)
FN:382,(anonymous_1189)
FN:382,(anonymous_1190)
FN:382,(anonymous_1191)
FN:382,(anonymous_1192)
FN:382,(anonymous_1193)
FN:382,(anonymous_1194)
FN:382,(anonymous_1195)
FN:382,(anonymous_1196)
FN:382,(anonymous_1197)
FN:382,(anonymous_1198)
FN:382,(anonymous_1199)
FN:382,(anonymous_1200)
FN:382,(anonymous_1201)
FN:382,(anonymous_1202)
FN:382,(anonymous_1203)
FN:382,(anonymous_1204)
FN:382,(anonymous_1205)
FN:382,(anonymous_1206)
FN:382,(anonymous_1207)
FN:382,(anonymous_1208)
FN:382,(anonymous_1209)
FN:382,(anonymous_1210)
FN:382,(anonymous_1211)
FN:382,(anonymous_1212)
FN:382,(anonymous_1213)
FN:382,(anonymous_1214)
FN:382,(anonymous_1215)
FN:382,(anonymous_1216)
FN:382,(anonymous_1217)
FN:382,(anonymous_1218)
FN:382,(anonymous_1219)
FN:382,(anonymous_1220)
FN:382,(anonymous_1221)
FN:382,(anonymous_1222)
FN:382,(anonymous_1223)
FN:382,(anonymous_1224)
FN:382,(anonymous_1225)
FN:382,(anonymous_1226)
FN:382,(anonymous_1227)
FN:382,(anonymous_1228)
FN:382,(anonymous_1229)
FN:382,(anonymous_1230)
FN:382,(anonymous_1231)
FN:382,(anonymous_1232)
FN:382,(anonymous_1233)
FN:382,(anonymous_1234)
FN:382,(anonymous_1235)
FN:382,(anonymous_1236)
FN:382,(anonymous_1237)
FN:382,(anonymous_1238)
FN:382,(anonymous_1239)
FN:382,(anonymous_1240)
FN:382,(anonymous_1241)
FN:382,(anonymous_1242)
FN:382,(anonymous_1243)
FN:382,(anonymous_1244)
FN:382,(anonymous_1245)
FN:382,(anonymous_1246)
FN:382,(anonymous_1247)
FN:382,(anonymous_1248)
FN:382,(anonymous_1249)
FN:382,(anonymous_1250)
FN:382,(anonymous_1251)
FN:382,(anonymous_1252)
FN:382,(anonymous_1253)
FN:382,(anonymous_1254)
FN:382,(anonymous_1255)
FN:382,(anonymous_1256)
FN:382,(anonymous_1257)
FN:382,(anonymous_1258)
FN:382,(anonymous_1259)
FN:382,(anonymous_1260)
FN:382,(anonymous_1261)
FN:382,(anonymous_1262)
FN:382,(anonymous_1263)
FN:382,(anonymous_1264)
FN:382,(anonymous_1265)
FN:382,(anonymous_1266)
FN:382,(anonymous_1267)
FN:382,(anonymous_1268)
FN:382,(anonymous_1269)
FN:382,(anonymous_1270)
FN:382,(anonymous_1271)
FN:382,(anonymous_1272)
FN:382,(anonymous_1273)
FN:382,o
FN:382,(anonymous_1275)
FN:382,(anonymous_1276)
FN:382,(anonymous_1277)
FN:382,(anonymous_1278)
FN:382,(anonymous_1279)
FN:382,(anonymous_1280)
FN:382,(anonymous_1281)
FN:382,(anonymous_1282)
FN:382,(anonymous_1283)
FN:382,(anonymous_1284)
FN:382,(anonymous_1285)
FN:382,(anonymous_1286)
FN:382,(anonymous_1287)
FN:382,(anonymous_1288)
FN:382,(anonymous_1289)
FN:382,(anonymous_1290)
FN:382,(anonymous_1291)
FN:382,(anonymous_1292)
FN:382,(anonymous_1293)
FN:382,(anonymous_1294)
FN:382,(anonymous_1295)
FN:382,(anonymous_1296)
FN:382,(anonymous_1297)
FN:382,(anonymous_1298)
FN:382,p
FN:382,d
FN:382,(anonymous_1301)
FN:382,(anonymous_1302)
FN:382,(anonymous_1303)
FN:382,(anonymous_1304)
FN:382,t
FN:382,(anonymous_1306)
FN:382,(anonymous_1307)
FN:382,(anonymous_1308)
FN:382,(anonymous_1309)
FN:382,(anonymous_1310)
FN:382,(anonymous_1311)
FN:382,t
FN:382,(anonymous_1313)
FN:382,(anonymous_1314)
FN:382,(anonymous_1315)
FN:382,(anonymous_1316)
FN:382,(anonymous_1317)
FN:382,(anonymous_1318)
FN:382,(anonymous_1319)
FN:382,(anonymous_1320)
FN:382,(anonymous_1321)
FN:382,(anonymous_1322)
FN:382,(anonymous_1323)
FN:382,(anonymous_1324)
FN:382,(anonymous_1325)
FN:382,(anonymous_1326)
FN:382,(anonymous_1327)
FN:382,(anonymous_1328)
FN:382,(anonymous_1329)
FN:382,(anonymous_1330)
FN:382,(anonymous_1331)
FN:382,(anonymous_1332)
FN:382,L
FN:382,(anonymous_1334)
FN:382,(anonymous_1335)
FN:382,(anonymous_1336)
FN:382,(anonymous_1337)
FN:382,(anonymous_1338)
FN:382,(anonymous_1339)
FN:382,(anonymous_1340)
FN:382,t
FN:382,(anonymous_1342)
FN:382,(anonymous_1343)
FN:382,(anonymous_1344)
FN:382,(anonymous_1345)
FN:382,(anonymous_1346)
FN:382,(anonymous_1347)
FN:382,(anonymous_1348)
FN:382,(anonymous_1349)
FN:382,(anonymous_1350)
FN:382,(anonymous_1351)
FN:382,(anonymous_1352)
FN:382,(anonymous_1353)
FN:382,(anonymous_1354)
FN:382,(anonymous_1355)
FN:382,(anonymous_1356)
FN:382,(anonymous_1357)
FN:382,t
FN:382,(anonymous_1359)
FN:382,(anonymous_1360)
FN:382,(anonymous_1361)
FN:382,(anonymous_1362)
FN:382,(anonymous_1363)
FN:382,(anonymous_1364)
FN:382,(anonymous_1365)
FN:382,t
FN:382,(anonymous_1367)
FN:382,(anonymous_1368)
FN:382,(anonymous_1369)
FN:382,(anonymous_1370)
FN:382,(anonymous_1371)
FN:382,(anonymous_1372)
FN:382,(anonymous_1373)
FN:382,(anonymous_1374)
FN:382,(anonymous_1375)
FN:382,(anonymous_1376)
FN:382,(anonymous_1377)
FN:399,(anonymous_1378)
FN:399,(anonymous_1379)
FN:399,(anonymous_1380)
FN:399,(anonymous_1381)
FN:399,(anonymous_1382)
FN:399,(anonymous_1383)
FN:399,(anonymous_1384)
FN:399,(anonymous_1385)
FN:399,(anonymous_1386)
FN:399,(anonymous_1387)
FN:399,(anonymous_1388)
FN:399,(anonymous_1389)
FN:399,(anonymous_1390)
FN:399,(anonymous_1391)
FN:399,(anonymous_1392)
FN:399,(anonymous_1393)
FN:399,(anonymous_1394)
FN:399,(anonymous_1395)
FN:399,(anonymous_1396)
FN:399,(anonymous_1397)
FN:399,(anonymous_1398)
FN:399,t
FN:399,(anonymous_1400)
FN:399,(anonymous_1401)
FN:399,(anonymous_1402)
FN:399,(anonymous_1403)
FN:399,(anonymous_1404)
FN:399,(anonymous_1405)
FN:399,t
FN:399,(anonymous_1407)
FN:399,(anonymous_1408)
FN:399,(anonymous_1409)
FN:399,t
FN:399,(anonymous_1411)
FN:399,(anonymous_1412)
FN:399,t
FN:399,(anonymous_1414)
FN:399,(anonymous_1415)
FN:399,(anonymous_1416)
FN:399,(anonymous_1417)
FN:399,e
FN:399,(anonymous_1419)
FN:399,(anonymous_1420)
FN:399,(anonymous_1421)
FN:399,(anonymous_1422)
FN:399,(anonymous_1423)
FN:399,(anonymous_1424)
FN:399,(anonymous_1425)
FN:399,(anonymous_1426)
FN:399,(anonymous_1427)
FN:399,(anonymous_1428)
FN:399,(anonymous_1429)
FN:399,(anonymous_1430)
FN:399,t
FN:399,(anonymous_1432)
FN:399,(anonymous_1433)
FN:399,(anonymous_1434)
FN:399,(anonymous_1435)
FN:399,(anonymous_1436)
FN:399,(anonymous_1437)
FN:399,(anonymous_1438)
FN:399,(anonymous_1439)
FN:399,(anonymous_1440)
FN:399,(anonymous_1441)
FN:399,(anonymous_1442)
FN:399,(anonymous_1443)
FN:399,(anonymous_1444)
FN:399,(anonymous_1445)
FN:399,(anonymous_1446)
FN:399,(anonymous_1447)
FN:399,(anonymous_1448)
FN:399,(anonymous_1449)
FN:399,(anonymous_1450)
FN:399,(anonymous_1451)
FN:399,(anonymous_1452)
FN:399,(anonymous_1453)
FN:399,(anonymous_1454)
FN:399,e
FN:399,(anonymous_1456)
FN:399,(anonymous_1457)
FN:399,(anonymous_1458)
FN:399,(anonymous_1459)
FN:399,(anonymous_1460)
FN:399,(anonymous_1461)
FN:399,(anonymous_1462)
FN:399,(anonymous_1463)
FN:399,t
FN:399,(anonymous_1465)
FN:399,(anonymous_1466)
FN:399,(anonymous_1467)
FN:399,(anonymous_1468)
FN:399,t
FN:399,(anonymous_1470)
FN:399,(anonymous_1471)
FN:399,(anonymous_1472)
FN:399,(anonymous_1473)
FN:399,(anonymous_1474)
FN:399,(anonymous_1475)
FN:399,(anonymous_1476)
FN:399,(anonymous_1477)
FN:399,(anonymous_1478)
FN:399,(anonymous_1479)
FN:399,(anonymous_1480)
FN:399,(anonymous_1481)
FN:399,(anonymous_1482)
FN:399,(anonymous_1483)
FN:399,(anonymous_1484)
FN:399,(anonymous_1485)
FN:399,(anonymous_1486)
FN:399,(anonymous_1487)
FN:399,(anonymous_1488)
FN:399,(anonymous_1489)
FN:399,(anonymous_1490)
FN:399,t
FN:399,(anonymous_1492)
FN:399,(anonymous_1493)
FN:399,(anonymous_1494)
FN:399,(anonymous_1495)
FN:399,(anonymous_1496)
FN:399,(anonymous_1497)
FN:399,(anonymous_1498)
FN:399,(anonymous_1499)
FN:399,(anonymous_1500)
FN:399,(anonymous_1501)
FN:399,(anonymous_1502)
FN:399,(anonymous_1503)
FN:399,t
FN:399,(anonymous_1505)
FN:399,(anonymous_1506)
FN:399,(anonymous_1507)
FN:399,(anonymous_1508)
FN:399,(anonymous_1509)
FN:399,(anonymous_1510)
FN:399,(anonymous_1511)
FN:399,(anonymous_1512)
FN:399,(anonymous_1513)
FN:399,(anonymous_1514)
FN:399,(anonymous_1515)
FN:399,(anonymous_1516)
FN:399,(anonymous_1517)
FN:399,(anonymous_1518)
FN:399,(anonymous_1519)
FN:399,t
FN:399,(anonymous_1521)
FN:399,(anonymous_1522)
FN:399,(anonymous_1523)
FN:399,(anonymous_1524)
FN:399,(anonymous_1525)
FN:399,(anonymous_1526)
FN:399,(anonymous_1527)
FN:399,t
FN:399,(anonymous_1529)
FN:399,(anonymous_1530)
FN:399,(anonymous_1531)
FN:399,(anonymous_1532)
FN:399,(anonymous_1533)
FN:399,(anonymous_1534)
FN:399,(anonymous_1535)
FN:399,(anonymous_1536)
FN:416,Vt
FN:416,Yt
FN:432,(anonymous_1539)
FN:432,t
FN:432,(anonymous_1541)
FN:432,(anonymous_1542)
FN:432,(anonymous_1543)
FN:432,(anonymous_1544)
FN:432,(anonymous_1545)
FN:432,(anonymous_1546)
FN:432,(anonymous_1547)
FN:432,(anonymous_1548)
FN:432,(anonymous_1549)
FN:432,(anonymous_1550)
FN:432,(anonymous_1551)
FN:432,(anonymous_1552)
FN:432,(anonymous_1553)
FN:432,(anonymous_1554)
FN:432,(anonymous_1555)
FN:432,(anonymous_1556)
FN:432,(anonymous_1557)
FN:432,(anonymous_1558)
FN:432,(anonymous_1559)
FN:432,(anonymous_1560)
FN:432,(anonymous_1561)
FN:432,(anonymous_1562)
FN:432,(anonymous_1563)
FN:432,(anonymous_1564)
FN:432,(anonymous_1565)
FN:432,(anonymous_1566)
FN:432,(anonymous_1567)
FN:432,(anonymous_1568)
FN:432,(anonymous_1569)
FN:432,(anonymous_1570)
FN:432,(anonymous_1571)
FN:432,(anonymous_1572)
FN:432,(anonymous_1573)
FN:432,(anonymous_1574)
FN:432,e
FN:432,(anonymous_1576)
FN:432,(anonymous_1577)
FN:432,(anonymous_1578)
FN:432,(anonymous_1579)
FN:432,(anonymous_1580)
FN:432,(anonymous_1581)
FN:449,Bt
FN:449,(anonymous_1583)
FN:449,(anonymous_1584)
FN:449,(anonymous_1585)
FN:449,(anonymous_1586)
FN:466,(anonymous_1587)
FN:466,e
FN:466,(anonymous_1589)
FN:466,(anonymous_1590)
FN:466,(anonymous_1591)
FN:466,(anonymous_1592)
FN:466,(anonymous_1593)
FN:466,(anonymous_1594)
FN:466,(anonymous_1595)
FN:466,(anonymous_1596)
FN:466,e
FN:466,(anonymous_1598)
FN:466,(anonymous_1599)
FN:466,(anonymous_1600)
FN:466,(anonymous_1601)
FN:466,(anonymous_1602)
FN:466,(anonymous_1603)
FN:466,(anonymous_1604)
FN:466,t
FN:466,(anonymous_1606)
FN:466,(anonymous_1607)
FN:466,(anonymous_1608)
FN:466,(anonymous_1609)
FN:466,(anonymous_1610)
FN:466,(anonymous_1611)
FN:466,(anonymous_1612)
FN:466,(anonymous_1613)
FN:466,(anonymous_1614)
FN:466,(anonymous_1615)
FN:466,(anonymous_1616)
FN:466,(anonymous_1617)
FN:466,(anonymous_1618)
FN:466,(anonymous_1619)
FN:466,(anonymous_1620)
FN:466,t
FN:466,(anonymous_1622)
FN:466,(anonymous_1623)
FN:466,(anonymous_1624)
FN:466,(anonymous_1625)
FN:466,(anonymous_1626)
FN:466,t
FN:466,(anonymous_1628)
FN:466,(anonymous_1629)
FN:466,(anonymous_1630)
FN:466,(anonymous_1631)
FN:466,(anonymous_1632)
FN:466,t
FN:466,(anonymous_1634)
FN:466,(anonymous_1635)
FN:466,(anonymous_1636)
FN:466,(anonymous_1637)
FN:466,(anonymous_1638)
FN:466,(anonymous_1639)
FN:466,(anonymous_1640)
FN:466,(anonymous_1641)
FN:466,(anonymous_1642)
FN:466,t
FN:466,(anonymous_1644)
FN:466,(anonymous_1645)
FN:466,(anonymous_1646)
FN:466,(anonymous_1647)
FN:466,(anonymous_1648)
FN:466,(anonymous_1649)
FN:466,(anonymous_1650)
FN:466,(anonymous_1651)
FN:466,(anonymous_1652)
FN:466,(anonymous_1653)
FN:466,t
FN:466,(anonymous_1655)
FN:466,(anonymous_1656)
FN:466,(anonymous_1657)
FN:466,(anonymous_1658)
FN:466,(anonymous_1659)
FN:466,(anonymous_1660)
FN:466,(anonymous_1661)
FN:466,(anonymous_1662)
FN:466,(anonymous_1663)
FN:466,(anonymous_1664)
FN:466,(anonymous_1665)
FN:466,(anonymous_1666)
FN:466,(anonymous_1667)
FN:466,(anonymous_1668)
FN:466,(anonymous_1669)
FN:466,(anonymous_1670)
FN:466,(anonymous_1671)
FN:466,(anonymous_1672)
FN:466,(anonymous_1673)
FN:466,(anonymous_1674)
FN:466,(anonymous_1675)
FN:466,(anonymous_1676)
FN:466,(anonymous_1677)
FN:466,(anonymous_1678)
FN:466,(anonymous_1679)
FN:466,(anonymous_1680)
FN:466,(anonymous_1681)
FN:466,(anonymous_1682)
FN:466,(anonymous_1683)
FN:466,(anonymous_1684)
FN:466,(anonymous_1685)
FN:466,(anonymous_1686)
FN:466,t
FN:466,(anonymous_1688)
FN:466,(anonymous_1689)
FN:466,(anonymous_1690)
FN:466,(anonymous_1691)
FN:466,(anonymous_1692)
FN:466,(anonymous_1693)
FN:466,(anonymous_1694)
FN:466,(anonymous_1695)
FN:466,(anonymous_1696)
FN:466,(anonymous_1697)
FN:466,(anonymous_1698)
FN:466,(anonymous_1699)
FN:466,(anonymous_1700)
FN:466,t
FN:466,(anonymous_1702)
FN:466,(anonymous_1703)
FN:466,t
FN:466,(anonymous_1705)
FN:466,(anonymous_1706)
FN:466,(anonymous_1707)
FN:466,t
FN:466,(anonymous_1709)
FN:466,(anonymous_1710)
FN:466,(anonymous_1711)
FN:466,(anonymous_1712)
FN:466,(anonymous_1713)
FN:466,(anonymous_1714)
FN:466,(anonymous_1715)
FN:466,(anonymous_1716)
FN:466,(anonymous_1717)
FN:466,(anonymous_1718)
FN:466,(anonymous_1719)
FN:466,(anonymous_1720)
FN:466,(anonymous_1721)
FN:466,(anonymous_1722)
FN:466,(anonymous_1723)
FN:466,(anonymous_1724)
FN:466,(anonymous_1725)
FN:466,(anonymous_1726)
FN:466,(anonymous_1727)
FN:466,(anonymous_1728)
FN:466,(anonymous_1729)
FN:466,(anonymous_1730)
FN:466,(anonymous_1731)
FN:466,(anonymous_1732)
FN:466,t
FN:466,(anonymous_1734)
FN:466,(anonymous_1735)
FN:466,t
FN:466,(anonymous_1737)
FN:466,(anonymous_1738)
FN:466,t
FN:466,(anonymous_1740)
FN:466,(anonymous_1741)
FN:466,(anonymous_1742)
FN:466,t
FN:466,(anonymous_1744)
FN:466,(anonymous_1745)
FN:466,(anonymous_1746)
FN:466,(anonymous_1747)
FN:466,(anonymous_1748)
FN:466,(anonymous_1749)
FN:466,t
FN:466,(anonymous_1751)
FN:466,(anonymous_1752)
FN:466,(anonymous_1753)
FN:466,(anonymous_1754)
FN:466,(anonymous_1755)
FN:466,(anonymous_1756)
FN:466,(anonymous_1757)
FN:466,t
FN:466,(anonymous_1759)
FN:466,(anonymous_1760)
FN:466,(anonymous_1761)
FN:466,(anonymous_1762)
FN:466,(anonymous_1763)
FN:466,(anonymous_1764)
FN:466,t
FN:466,(anonymous_1766)
FN:466,(anonymous_1767)
FN:466,(anonymous_1768)
FN:466,(anonymous_1769)
FN:466,(anonymous_1770)
FN:466,(anonymous_1771)
FN:466,(anonymous_1772)
FN:466,(anonymous_1773)
FN:466,(anonymous_1774)
FN:466,t
FN:466,(anonymous_1776)
FN:466,(anonymous_1777)
FN:466,(anonymous_1778)
FN:466,t
FN:466,(anonymous_1780)
FN:466,(anonymous_1781)
FN:466,(anonymous_1782)
FN:466,t
FN:466,(anonymous_1784)
FN:466,(anonymous_1785)
FN:466,(anonymous_1786)
FN:466,(anonymous_1787)
FN:466,t
FN:466,(anonymous_1789)
FN:466,(anonymous_1790)
FN:466,(anonymous_1791)
FN:466,(anonymous_1792)
FN:466,(anonymous_1793)
FN:466,(anonymous_1794)
FN:466,(anonymous_1795)
FN:466,(anonymous_1796)
FN:466,(anonymous_1797)
FN:466,(anonymous_1798)
FN:466,(anonymous_1799)
FN:466,(anonymous_1800)
FN:466,(anonymous_1801)
FN:466,(anonymous_1802)
FN:466,(anonymous_1803)
FN:466,(anonymous_1804)
FN:466,(anonymous_1805)
FN:466,(anonymous_1806)
FN:466,(anonymous_1807)
FN:466,(anonymous_1808)
FN:466,(anonymous_1809)
FN:466,t
FN:466,(anonymous_1811)
FN:466,(anonymous_1812)
FN:466,(anonymous_1813)
FN:466,(anonymous_1814)
FN:466,(anonymous_1815)
FN:466,(anonymous_1816)
FN:466,(anonymous_1817)
FN:466,(anonymous_1818)
FN:466,(anonymous_1819)
FN:466,t
FN:466,(anonymous_1821)
FN:466,(anonymous_1822)
FN:466,(anonymous_1823)
FN:466,(anonymous_1824)
FN:466,(anonymous_1825)
FN:466,(anonymous_1826)
FN:466,(anonymous_1827)
FN:466,(anonymous_1828)
FN:466,(anonymous_1829)
FN:466,(anonymous_1830)
FN:466,(anonymous_1831)
FN:466,(anonymous_1832)
FN:466,t
FN:466,(anonymous_1834)
FN:466,(anonymous_1835)
FN:466,(anonymous_1836)
FN:466,(anonymous_1837)
FN:466,(anonymous_1838)
FN:466,(anonymous_1839)
FN:466,(anonymous_1840)
FN:466,(anonymous_1841)
FN:466,(anonymous_1842)
FN:466,(anonymous_1843)
FN:466,(anonymous_1844)
FN:466,(anonymous_1845)
FN:466,(anonymous_1846)
FN:466,t
FN:466,(anonymous_1848)
FN:466,(anonymous_1849)
FN:466,(anonymous_1850)
FN:466,(anonymous_1851)
FN:466,(anonymous_1852)
FN:466,(anonymous_1853)
FN:466,(anonymous_1854)
FN:466,(anonymous_1855)
FN:466,(anonymous_1856)
FN:466,(anonymous_1857)
FN:466,(anonymous_1858)
FN:466,(anonymous_1859)
FN:466,t
FN:466,(anonymous_1861)
FN:498,(anonymous_1862)
FN:498,t
FN:498,(anonymous_1864)
FN:498,(anonymous_1865)
FN:498,(anonymous_1866)
FN:498,(anonymous_1867)
FN:498,(anonymous_1868)
FN:498,(anonymous_1869)
FN:498,(anonymous_1870)
FN:498,(anonymous_1871)
FN:498,(anonymous_1872)
FN:498,(anonymous_1873)
FN:498,(anonymous_1874)
FN:498,(anonymous_1875)
FN:498,(anonymous_1876)
FN:498,(anonymous_1877)
FN:498,(anonymous_1878)
FN:498,(anonymous_1879)
FN:498,(anonymous_1880)
FN:498,(anonymous_1881)
FN:498,(anonymous_1882)
FN:498,(anonymous_1883)
FN:498,(anonymous_1884)
FN:498,(anonymous_1885)
FN:498,(anonymous_1886)
FN:498,(anonymous_1887)
FN:498,t
FN:498,(anonymous_1889)
FN:498,(anonymous_1890)
FN:498,(anonymous_1891)
FN:498,(anonymous_1892)
FN:498,(anonymous_1893)
FN:498,(anonymous_1894)
FN:498,(anonymous_1895)
FN:498,(anonymous_1896)
FN:498,t
FN:498,(anonymous_1898)
FN:498,(anonymous_1899)
FN:498,(anonymous_1900)
FN:498,(anonymous_1901)
FN:498,(anonymous_1902)
FN:498,(anonymous_1903)
FN:498,(anonymous_1904)
FN:498,(anonymous_1905)
FN:498,(anonymous_1906)
FN:498,(anonymous_1907)
FN:498,(anonymous_1908)
FN:498,(anonymous_1909)
FN:498,(anonymous_1910)
FN:498,(anonymous_1911)
FN:498,(anonymous_1912)
FN:498,(anonymous_1913)
FN:498,(anonymous_1914)
FN:498,(anonymous_1915)
FN:498,(anonymous_1916)
FN:498,(anonymous_1917)
FN:498,(anonymous_1918)
FN:498,(anonymous_1919)
FN:498,(anonymous_1920)
FN:498,(anonymous_1921)
FN:498,(anonymous_1922)
FN:498,(anonymous_1923)
FN:498,(anonymous_1924)
FN:498,(anonymous_1925)
FN:498,(anonymous_1926)
FN:498,(anonymous_1927)
FN:498,(anonymous_1928)
FN:498,(anonymous_1929)
FN:498,(anonymous_1930)
FN:498,(anonymous_1931)
FN:498,(anonymous_1932)
FN:498,(anonymous_1933)
FN:498,(anonymous_1934)
FN:498,(anonymous_1935)
FN:498,(anonymous_1936)
FN:498,(anonymous_1937)
FN:498,(anonymous_1938)
FN:498,(anonymous_1939)
FN:498,(anonymous_1940)
FN:498,t
FN:498,(anonymous_1942)
FN:498,(anonymous_1943)
FN:498,(anonymous_1944)
FN:498,t
FN:498,(anonymous_1946)
FN:498,(anonymous_1947)
FN:498,(anonymous_1948)
FN:498,(anonymous_1949)
FN:498,(anonymous_1950)
FN:498,(anonymous_1951)
FN:498,(anonymous_1952)
FN:498,(anonymous_1953)
FN:498,(anonymous_1954)
FN:498,(anonymous_1955)
FN:498,t
FN:498,(anonymous_1957)
FN:498,(anonymous_1958)
FN:498,(anonymous_1959)
FN:498,t
FN:498,(anonymous_1961)
FN:498,(anonymous_1962)
FN:498,(anonymous_1963)
FN:498,t
FN:498,(anonymous_1965)
FN:498,(anonymous_1966)
FN:498,(anonymous_1967)
FN:498,t
FN:498,(anonymous_1969)
FN:498,(anonymous_1970)
FN:498,(anonymous_1971)
FN:498,(anonymous_1972)
FN:498,t
FN:498,(anonymous_1974)
FN:498,(anonymous_1975)
FN:498,(anonymous_1976)
FN:498,(anonymous_1977)
FN:498,(anonymous_1978)
FN:498,(anonymous_1979)
FN:498,(anonymous_1980)
FN:498,t
FN:498,(anonymous_1982)
FN:498,(anonymous_1983)
FN:498,(anonymous_1984)
FN:498,(anonymous_1985)
FN:498,t
FN:498,(anonymous_1987)
FN:498,(anonymous_1988)
FN:498,(anonymous_1989)
FN:498,(anonymous_1990)
FN:498,(anonymous_1991)
FN:498,(anonymous_1992)
FN:498,e
FN:498,(anonymous_1994)
FN:498,(anonymous_1995)
FN:498,(anonymous_1996)
FN:498,(anonymous_1997)
FN:498,e
FN:498,(anonymous_1999)
FN:498,(anonymous_2000)
FN:498,(anonymous_2001)
FN:498,(anonymous_2002)
FN:498,(anonymous_2003)
FN:498,(anonymous_2004)
FN:498,t
FN:498,(anonymous_2006)
FN:498,(anonymous_2007)
FN:498,(anonymous_2008)
FN:498,(anonymous_2009)
FN:498,(anonymous_2010)
FN:498,(anonymous_2011)
FN:498,t
FN:498,(anonymous_2013)
FN:498,(anonymous_2014)
FN:498,(anonymous_2015)
FN:498,(anonymous_2016)
FN:498,(anonymous_2017)
FN:498,(anonymous_2018)
FN:498,(anonymous_2019)
FN:498,(anonymous_2020)
FN:498,(anonymous_2021)
FN:498,(anonymous_2022)
FN:498,(anonymous_2023)
FN:498,(anonymous_2024)
FN:498,(anonymous_2025)
FN:498,(anonymous_2026)
FN:498,(anonymous_2027)
FN:498,(anonymous_2028)
FN:498,(anonymous_2029)
FN:498,(anonymous_2030)
FN:498,(anonymous_2031)
FN:498,(anonymous_2032)
FN:498,(anonymous_2033)
FN:498,(anonymous_2034)
FN:498,(anonymous_2035)
FN:498,(anonymous_2036)
FN:498,t
FN:498,(anonymous_2038)
FN:498,(anonymous_2039)
FN:498,(anonymous_2040)
FN:498,(anonymous_2041)
FN:498,(anonymous_2042)
FN:498,(anonymous_2043)
FN:498,(anonymous_2044)
FN:498,(anonymous_2045)
FN:498,(anonymous_2046)
FN:498,(anonymous_2047)
FN:498,(anonymous_2048)
FN:498,(anonymous_2049)
FN:498,(anonymous_2050)
FN:515,(anonymous_2051)
FN:515,t
FN:515,(anonymous_2053)
FN:515,(anonymous_2054)
FN:515,(anonymous_2055)
FN:515,(anonymous_2056)
FN:515,(anonymous_2057)
FN:515,(anonymous_2058)
FN:515,(anonymous_2059)
FN:515,(anonymous_2060)
FN:515,(anonymous_2061)
FN:515,(anonymous_2062)
FN:515,(anonymous_2063)
FN:515,(anonymous_2064)
FN:515,(anonymous_2065)
FN:515,(anonymous_2066)
FN:515,(anonymous_2067)
FN:515,(anonymous_2068)
FN:515,(anonymous_2069)
FN:515,(anonymous_2070)
FN:515,(anonymous_2071)
FN:515,(anonymous_2072)
FN:515,(anonymous_2073)
FN:515,(anonymous_2074)
FN:515,(anonymous_2075)
FN:515,t
FN:515,(anonymous_2077)
FN:515,(anonymous_2078)
FN:515,(anonymous_2079)
FN:515,(anonymous_2080)
FN:515,(anonymous_2081)
FN:515,t
FN:515,(anonymous_2083)
FN:515,(anonymous_2084)
FN:515,(anonymous_2085)
FN:515,(anonymous_2086)
FN:515,(anonymous_2087)
FN:515,(anonymous_2088)
FN:515,(anonymous_2089)
FN:515,(anonymous_2090)
FN:515,(anonymous_2091)
FN:515,(anonymous_2092)
FN:515,(anonymous_2093)
FN:515,(anonymous_2094)
FN:515,(anonymous_2095)
FN:515,(anonymous_2096)
FN:515,(anonymous_2097)
FN:515,(anonymous_2098)
FN:515,(anonymous_2099)
FN:515,(anonymous_2100)
FN:515,(anonymous_2101)
FN:515,(anonymous_2102)
FN:515,(anonymous_2103)
FN:515,(anonymous_2104)
FN:515,(anonymous_2105)
FN:515,(anonymous_2106)
FN:515,(anonymous_2107)
FN:515,(anonymous_2108)
FN:515,(anonymous_2109)
FN:515,(anonymous_2110)
FN:515,(anonymous_2111)
FN:515,(anonymous_2112)
FN:515,(anonymous_2113)
FN:515,(anonymous_2114)
FN:515,(anonymous_2115)
FN:515,t
FN:515,(anonymous_2117)
FN:515,(anonymous_2118)
FN:515,(anonymous_2119)
FN:515,(anonymous_2120)
FN:515,(anonymous_2121)
FN:515,(anonymous_2122)
FN:515,(anonymous_2123)
FN:515,(anonymous_2124)
FN:515,e
FN:515,(anonymous_2126)
FN:515,(anonymous_2127)
FN:515,(anonymous_2128)
FN:515,(anonymous_2129)
FN:515,(anonymous_2130)
FN:515,(anonymous_2131)
FN:515,(anonymous_2132)
FN:515,(anonymous_2133)
FN:515,(anonymous_2134)
FN:515,(anonymous_2135)
FN:515,(anonymous_2136)
FN:515,(anonymous_2137)
FN:515,(anonymous_2138)
FN:515,(anonymous_2139)
FN:515,(anonymous_2140)
FN:515,(anonymous_2141)
FN:515,(anonymous_2142)
FN:515,(anonymous_2143)
FN:515,(anonymous_2144)
FN:515,(anonymous_2145)
FN:515,(anonymous_2146)
FN:515,(anonymous_2147)
FN:515,(anonymous_2148)
FN:515,(anonymous_2149)
FN:515,(anonymous_2150)
FN:515,(anonymous_2151)
FN:515,(anonymous_2152)
FN:515,(anonymous_2153)
FN:515,(anonymous_2154)
FN:515,(anonymous_2155)
FN:515,(anonymous_2156)
FN:515,(anonymous_2157)
FN:515,(anonymous_2158)
FN:515,(anonymous_2159)
FN:515,(anonymous_2160)
FN:515,(anonymous_2161)
FN:515,(anonymous_2162)
FN:515,(anonymous_2163)
FN:515,(anonymous_2164)
FN:515,(anonymous_2165)
FN:515,(anonymous_2166)
FN:515,(anonymous_2167)
FN:515,(anonymous_2168)
FN:515,(anonymous_2169)
FN:515,(anonymous_2170)
FN:515,(anonymous_2171)
FN:515,(anonymous_2172)
FN:515,(anonymous_2173)
FN:515,(anonymous_2174)
FN:515,(anonymous_2175)
FN:515,(anonymous_2176)
FN:515,(anonymous_2177)
FN:515,e
FN:515,(anonymous_2179)
FN:515,(anonymous_2180)
FN:515,(anonymous_2181)
FN:515,(anonymous_2182)
FN:515,(anonymous_2183)
FN:515,(anonymous_2184)
FN:515,(anonymous_2185)
FN:515,(anonymous_2186)
FN:515,(anonymous_2187)
FN:515,(anonymous_2188)
FN:515,t
FN:515,(anonymous_2190)
FN:515,(anonymous_2191)
FN:515,(anonymous_2192)
FN:515,(anonymous_2193)
FN:515,(anonymous_2194)
FN:515,(anonymous_2195)
FN:515,(anonymous_2196)
FN:515,(anonymous_2197)
FN:515,(anonymous_2198)
FN:515,(anonymous_2199)
FN:515,(anonymous_2200)
FN:515,(anonymous_2201)
FN:515,(anonymous_2202)
FN:515,(anonymous_2203)
FN:515,(anonymous_2204)
FN:515,(anonymous_2205)
FN:515,(anonymous_2206)
FN:515,(anonymous_2207)
FN:515,(anonymous_2208)
FN:515,(anonymous_2209)
FN:515,(anonymous_2210)
FN:515,(anonymous_2211)
FN:515,(anonymous_2212)
FN:515,(anonymous_2213)
FN:515,(anonymous_2214)
FN:515,(anonymous_2215)
FN:515,(anonymous_2216)
FN:515,(anonymous_2217)
FN:515,(anonymous_2218)
FN:515,(anonymous_2219)
FN:515,(anonymous_2220)
FN:515,(anonymous_2221)
FN:515,(anonymous_2222)
FN:515,(anonymous_2223)
FN:515,(anonymous_2224)
FN:515,(anonymous_2225)
FN:515,(anonymous_2226)
FN:515,(anonymous_2227)
FN:515,(anonymous_2228)
FN:515,(anonymous_2229)
FN:515,(anonymous_2230)
FN:515,(anonymous_2231)
FN:515,(anonymous_2232)
FN:515,(anonymous_2233)
FN:515,(anonymous_2234)
FN:515,(anonymous_2235)
FN:515,(anonymous_2236)
FN:515,(anonymous_2237)
FN:515,(anonymous_2238)
FN:515,(anonymous_2239)
FN:515,(anonymous_2240)
FN:515,(anonymous_2241)
FN:515,(anonymous_2242)
FN:515,t
FN:515,(anonymous_2244)
FN:515,(anonymous_2245)
FN:515,(anonymous_2246)
FN:515,(anonymous_2247)
FN:515,(anonymous_2248)
FN:515,(anonymous_2249)
FN:515,(anonymous_2250)
FN:515,(anonymous_2251)
FN:515,(anonymous_2252)
FN:515,(anonymous_2253)
FN:515,(anonymous_2254)
FN:515,(anonymous_2255)
FN:515,(anonymous_2256)
FN:515,t
FN:515,(anonymous_2258)
FN:515,(anonymous_2259)
FN:515,(anonymous_2260)
FN:515,(anonymous_2261)
FN:515,(anonymous_2262)
FN:515,(anonymous_2263)
FN:515,(anonymous_2264)
FN:515,(anonymous_2265)
FN:515,(anonymous_2266)
FN:515,(anonymous_2267)
FN:515,t
FN:515,(anonymous_2269)
FN:515,(anonymous_2270)
FN:515,(anonymous_2271)
FN:515,(anonymous_2272)
FN:515,(anonymous_2273)
FN:515,(anonymous_2274)
FN:515,(anonymous_2275)
FN:515,(anonymous_2276)
FN:515,(anonymous_2277)
FN:515,(anonymous_2278)
FN:515,(anonymous_2279)
FN:515,(anonymous_2280)
FN:515,(anonymous_2281)
FN:515,(anonymous_2282)
FN:515,(anonymous_2283)
FN:515,(anonymous_2284)
FN:515,(anonymous_2285)
FN:515,(anonymous_2286)
FN:515,(anonymous_2287)
FN:515,(anonymous_2288)
FN:515,(anonymous_2289)
FN:515,(anonymous_2290)
FN:515,(anonymous_2291)
FN:515,(anonymous_2292)
FN:515,e
FN:515,(anonymous_2294)
FN:515,(anonymous_2295)
FN:515,(anonymous_2296)
FN:515,(anonymous_2297)
FN:515,(anonymous_2298)
FN:515,(anonymous_2299)
FN:515,(anonymous_2300)
FN:515,(anonymous_2301)
FN:515,(anonymous_2302)
FN:515,(anonymous_2303)
FN:515,(anonymous_2304)
FN:515,(anonymous_2305)
FN:515,(anonymous_2306)
FN:515,(anonymous_2307)
FN:515,(anonymous_2308)
FN:515,(anonymous_2309)
FN:515,(anonymous_2310)
FN:515,(anonymous_2311)
FN:515,(anonymous_2312)
FN:515,(anonymous_2313)
FN:515,(anonymous_2314)
FN:548,(anonymous_2315)
FN:548,(anonymous_2316)
FN:548,t
FN:548,(anonymous_2318)
FN:548,(anonymous_2319)
FN:548,(anonymous_2320)
FN:548,(anonymous_2321)
FN:548,(anonymous_2322)
FN:548,(anonymous_2323)
FN:548,(anonymous_2324)
FN:548,(anonymous_2325)
FN:548,(anonymous_2326)
FN:548,(anonymous_2327)
FN:548,(anonymous_2328)
FN:548,(anonymous_2329)
FN:548,(anonymous_2330)
FN:548,(anonymous_2331)
FN:548,(anonymous_2332)
FN:548,(anonymous_2333)
FN:548,(anonymous_2334)
FN:548,(anonymous_2335)
FN:548,(anonymous_2336)
FN:548,(anonymous_2337)
FN:548,(anonymous_2338)
FN:548,(anonymous_2339)
FN:548,(anonymous_2340)
FN:548,(anonymous_2341)
FN:548,(anonymous_2342)
FN:548,(anonymous_2343)
FN:548,(anonymous_2344)
FN:548,(anonymous_2345)
FN:548,(anonymous_2346)
FN:548,(anonymous_2347)
FN:548,(anonymous_2348)
FN:548,(anonymous_2349)
FN:548,(anonymous_2350)
FN:548,(anonymous_2351)
FN:548,(anonymous_2352)
FN:548,(anonymous_2353)
FN:548,(anonymous_2354)
FN:548,(anonymous_2355)
FN:548,(anonymous_2356)
FN:548,(anonymous_2357)
FN:548,(anonymous_2358)
FN:548,(anonymous_2359)
FN:548,(anonymous_2360)
FN:548,(anonymous_2361)
FN:548,(anonymous_2362)
FN:565,(anonymous_2363)
FN:565,t
FN:565,(anonymous_2365)
FN:565,(anonymous_2366)
FN:565,(anonymous_2367)
FN:565,(anonymous_2368)
FN:565,(anonymous_2369)
FN:565,(anonymous_2370)
FN:565,(anonymous_2371)
FN:565,(anonymous_2372)
FN:565,t
FN:565,(anonymous_2374)
FN:565,(anonymous_2375)
FN:565,(anonymous_2376)
FN:565,(anonymous_2377)
FN:565,(anonymous_2378)
FN:565,(anonymous_2379)
FN:565,(anonymous_2380)
FN:565,t
FN:565,(anonymous_2382)
FN:565,(anonymous_2383)
FN:565,(anonymous_2384)
FN:565,(anonymous_2385)
FN:565,(anonymous_2386)
FN:565,(anonymous_2387)
FN:565,(anonymous_2388)
FN:565,(anonymous_2389)
FN:565,(anonymous_2390)
FN:565,(anonymous_2391)
FN:565,(anonymous_2392)
FN:565,(anonymous_2393)
FN:565,(anonymous_2394)
FN:565,(anonymous_2395)
FN:565,(anonymous_2396)
FN:565,(anonymous_2397)
FN:565,(anonymous_2398)
FN:565,(anonymous_2399)
FN:565,Tn
FN:565,(anonymous_2401)
FN:565,(anonymous_2402)
FN:565,(anonymous_2403)
FN:565,s
FN:565,(anonymous_2405)
FN:565,(anonymous_2406)
FN:565,(anonymous_2407)
FN:565,u
FN:565,(anonymous_2409)
FN:565,(anonymous_2410)
FN:565,(anonymous_2411)
FN:565,(anonymous_2412)
FN:565,(anonymous_2413)
FN:565,(anonymous_2414)
FN:565,(anonymous_2415)
FN:565,(anonymous_2416)
FN:565,(anonymous_2417)
FN:565,i
FN:565,(anonymous_2419)
FN:565,(anonymous_2420)
FN:565,(anonymous_2421)
FN:565,(anonymous_2422)
FN:565,(anonymous_2423)
FN:565,s
FN:565,(anonymous_2425)
FN:565,(anonymous_2426)
FN:565,(anonymous_2427)
FN:565,(anonymous_2428)
FN:565,(anonymous_2429)
FN:565,(anonymous_2430)
FN:565,(anonymous_2431)
FN:565,(anonymous_2432)
FN:565,(anonymous_2433)
FN:565,(anonymous_2434)
FN:565,(anonymous_2435)
FN:565,(anonymous_2436)
FN:565,(anonymous_2437)
FN:565,(anonymous_2438)
FN:565,(anonymous_2439)
FN:565,(anonymous_2440)
FN:565,(anonymous_2441)
FN:565,(anonymous_2442)
FN:565,(anonymous_2443)
FN:565,(anonymous_2444)
FN:565,(anonymous_2445)
FN:565,(anonymous_2446)
FN:565,(anonymous_2447)
FN:565,(anonymous_2448)
FN:565,(anonymous_2449)
FN:565,(anonymous_2450)
FN:565,i
FN:565,(anonymous_2452)
FN:565,(anonymous_2453)
FN:565,(anonymous_2454)
FN:565,(anonymous_2455)
FN:565,(anonymous_2456)
FN:565,(anonymous_2457)
FN:565,(anonymous_2458)
FN:565,(anonymous_2459)
FN:565,(anonymous_2460)
FN:565,(anonymous_2461)
FN:565,i
FN:565,(anonymous_2463)
FN:565,(anonymous_2464)
FN:565,(anonymous_2465)
FN:565,(anonymous_2466)
FN:565,(anonymous_2467)
FN:565,(anonymous_2468)
FN:565,(anonymous_2469)
FN:565,(anonymous_2470)
FN:565,(anonymous_2471)
FN:565,(anonymous_2472)
FN:565,(anonymous_2473)
FN:565,(anonymous_2474)
FN:565,(anonymous_2475)
FN:565,(anonymous_2476)
FN:565,(anonymous_2477)
FN:565,(anonymous_2478)
FN:565,(anonymous_2479)
FN:565,(anonymous_2480)
FN:565,(anonymous_2481)
FN:565,(anonymous_2482)
FN:565,(anonymous_2483)
FN:565,(anonymous_2484)
FN:565,(anonymous_2485)
FN:565,(anonymous_2486)
FN:565,(anonymous_2487)
FN:565,(anonymous_2488)
FN:565,n
FN:565,(anonymous_2490)
FN:565,(anonymous_2491)
FN:565,(anonymous_2492)
FN:565,(anonymous_2493)
FN:571,(anonymous_2494)
FN:571,(anonymous_2495)
FN:571,o
FN:571,a
FN:571,s
FN:571,u
FN:571,c
FN:571,l
FN:571,h
FN:571,f
FN:571,p
FN:571,d
FN:571,v
FN:571,y
FN:571,(anonymous_2508)
FN:571,m
FN:571,(anonymous_2510)
FN:571,g
FN:571,w
FN:571,C
FN:571,E
FN:571,S
FN:571,x
FN:571,T
FN:571,k
FN:571,(anonymous_2519)
FN:571,R
FN:571,N
FN:571,D
FN:571,P
FN:571,(anonymous_2524)
FN:571,M
FN:571,L
FN:571,F
FN:571,U
FN:571,W
FN:571,q
FN:571,(anonymous_2531)
FN:571,(anonymous_2532)
FN:571,(anonymous_2533)
FN:571,B
FN:571,(anonymous_2535)
FN:571,(anonymous_2536)
FN:571,G
FN:571,r
FN:571,ht
FN:571,(anonymous_2540)
FN:571,ft
FN:571,(anonymous_2542)
FN:571,pt
FN:571,vt
FN:571,(anonymous_2545)
FN:571,yt
FN:571,(anonymous_2547)
FN:571,mt
FN:571,kt
FN:571,Ot
FN:571,(anonymous_2551)
FN:571,(anonymous_2552)
FN:571,(anonymous_2553)
FN:571,(anonymous_2554)
FN:571,(anonymous_2555)
FN:571,(anonymous_2556)
FN:571,Nt
FN:571,(anonymous_2558)
FN:571,Dt
FN:571,Pt
FN:571,At
FN:571,(anonymous_2562)
FN:571,(anonymous_2563)
FN:571,(anonymous_2564)
FN:571,(anonymous_2565)
FN:571,(anonymous_2566)
FN:571,(anonymous_2567)
FN:571,(anonymous_2568)
FN:571,(anonymous_2569)
FN:571,jt
FN:571,Ut
FN:571,Wt
FN:571,Ht
FN:571,t
FN:571,$t
FN:571,qt
FN:571,Bt
FN:571,Gt
FN:571,Qt
FN:571,zt
FN:571,(anonymous_2581)
FN:571,(anonymous_2582)
FN:571,(anonymous_2583)
FN:571,(anonymous_2584)
FN:571,(anonymous_2585)
FN:571,(anonymous_2586)
FN:571,(anonymous_2587)
FN:571,(anonymous_2588)
FN:571,(anonymous_2589)
FN:571,Jt
FN:571,re
FN:571,t
FN:571,ie
FN:571,oe
FN:571,(anonymous_2595)
FN:571,ae
FN:571,(anonymous_2597)
FN:571,(anonymous_2598)
FN:571,(anonymous_2599)
FN:571,(anonymous_2600)
FN:571,(anonymous_2601)
FN:571,(anonymous_2602)
FN:571,(anonymous_2603)
FN:571,(anonymous_2604)
FN:571,(anonymous_2605)
FN:571,(anonymous_2606)
FN:571,(anonymous_2607)
FN:571,(anonymous_2608)
FN:571,fe
FN:571,pe
FN:571,de
FN:571,ve
FN:571,(anonymous_2613)
FN:571,ye
FN:571,(anonymous_2615)
FN:571,me
FN:571,_e
FN:571,ge
FN:571,(anonymous_2619)
FN:571,(anonymous_2620)
FN:571,Te
FN:571,Oe
FN:571,Re
FN:571,(anonymous_2624)
FN:571,(anonymous_2625)
FN:571,Ne
FN:571,(anonymous_2627)
FN:571,De
FN:571,(anonymous_2629)
FN:571,(anonymous_2630)
FN:571,(anonymous_2631)
FN:571,(anonymous_2632)
FN:571,(anonymous_2633)
FN:571,(anonymous_2634)
FN:571,Pe
FN:571,(anonymous_2636)
FN:571,Ae
FN:571,(anonymous_2638)
FN:571,(anonymous_2639)
FN:571,(anonymous_2640)
FN:571,(anonymous_2641)
FN:571,(anonymous_2642)
FN:571,Fe
FN:571,Ue
FN:571,(anonymous_2645)
FN:571,We
FN:571,Ve
FN:571,Ye
FN:571,(anonymous_2649)
FN:571,(anonymous_2650)
FN:571,$e
FN:571,qe
FN:571,Be
FN:571,Ge
FN:571,(anonymous_2655)
FN:571,Ke
FN:571,Xe
FN:571,Ze
FN:571,Je
FN:571,(anonymous_2660)
FN:571,tn
FN:571,(anonymous_2662)
FN:571,rn
FN:571,on
FN:571,(anonymous_2665)
FN:571,sn
FN:571,un
FN:571,cn
FN:571,ln
FN:571,(anonymous_2670)
FN:571,(anonymous_2671)
FN:571,(anonymous_2672)
FN:571,(anonymous_2673)
FN:571,(anonymous_2674)
FN:571,(anonymous_2675)
FN:571,(anonymous_2676)
FN:571,(anonymous_2677)
FN:571,(anonymous_2678)
FN:571,(anonymous_2679)
FN:571,(anonymous_2680)
FN:571,(anonymous_2681)
FN:571,(anonymous_2682)
FN:571,(anonymous_2683)
FN:571,(anonymous_2684)
FN:571,(anonymous_2685)
FN:571,vn
FN:571,_n
FN:571,(anonymous_2688)
FN:571,(anonymous_2689)
FN:571,(anonymous_2690)
FN:571,(anonymous_2691)
FN:571,(anonymous_2692)
FN:571,(anonymous_2693)
FN:571,(anonymous_2694)
FN:571,(anonymous_2695)
FN:571,(anonymous_2696)
FN:571,(anonymous_2697)
FN:571,(anonymous_2698)
FN:571,(anonymous_2699)
FN:571,(anonymous_2700)
FN:571,(anonymous_2701)
FN:571,(anonymous_2702)
FN:571,(anonymous_2703)
FN:571,(anonymous_2704)
FN:571,(anonymous_2705)
FN:571,(anonymous_2706)
FN:571,(anonymous_2707)
FN:571,(anonymous_2708)
FN:571,(anonymous_2709)
FN:571,(anonymous_2710)
FN:571,(anonymous_2711)
FN:571,(anonymous_2712)
FN:571,(anonymous_2713)
FN:571,(anonymous_2714)
FN:571,(anonymous_2715)
FN:571,(anonymous_2716)
FN:571,(anonymous_2717)
FN:571,(anonymous_2718)
FN:571,(anonymous_2719)
FN:571,(anonymous_2720)
FN:571,(anonymous_2721)
FN:571,(anonymous_2722)
FN:571,(anonymous_2723)
FN:571,(anonymous_2724)
FN:571,(anonymous_2725)
FN:571,(anonymous_2726)
FN:571,(anonymous_2727)
FN:571,(anonymous_2728)
FN:571,(anonymous_2729)
FN:571,(anonymous_2730)
FN:571,(anonymous_2731)
FN:571,(anonymous_2732)
FN:571,(anonymous_2733)
FN:571,(anonymous_2734)
FN:571,(anonymous_2735)
FN:571,(anonymous_2736)
FN:571,(anonymous_2737)
FN:571,(anonymous_2738)
FN:571,(anonymous_2739)
FN:571,(anonymous_2740)
FN:571,(anonymous_2741)
FN:571,(anonymous_2742)
FN:571,(anonymous_2743)
FN:571,(anonymous_2744)
FN:571,(anonymous_2745)
FN:571,(anonymous_2746)
FN:571,(anonymous_2747)
FN:571,bn
FN:571,wn
FN:571,Cn
FN:571,(anonymous_2751)
FN:571,(anonymous_2752)
FN:571,(anonymous_2753)
FN:571,(anonymous_2754)
FN:571,(anonymous_2755)
FN:571,(anonymous_2756)
FN:571,(anonymous_2757)
FN:571,(anonymous_2758)
FN:571,(anonymous_2759)
FN:571,(anonymous_2760)
FN:571,(anonymous_2761)
FN:571,(anonymous_2762)
FN:571,(anonymous_2763)
FN:571,(anonymous_2764)
FN:571,(anonymous_2765)
FN:571,(anonymous_2766)
FN:571,(anonymous_2767)
FN:571,(anonymous_2768)
FN:571,(anonymous_2769)
FN:571,(anonymous_2770)
FN:571,(anonymous_2771)
FN:571,(anonymous_2772)
FN:571,(anonymous_2773)
FN:571,(anonymous_2774)
FN:571,(anonymous_2775)
FN:571,(anonymous_2776)
FN:571,Sn
FN:571,xn
FN:571,Tn
FN:571,kn
FN:571,On
FN:571,(anonymous_2782)
FN:571,Fn
FN:571,(anonymous_2784)
FN:571,Gn
FN:571,zn
FN:571,Kn
FN:571,(anonymous_2788)
FN:571,(anonymous_2789)
FN:571,(anonymous_2790)
FN:571,(anonymous_2791)
FN:571,(anonymous_2792)
FN:571,(anonymous_2793)
FN:571,(anonymous_2794)
FN:571,(anonymous_2795)
FN:571,(anonymous_2796)
FN:571,(anonymous_2797)
FN:571,(anonymous_2798)
FN:571,(anonymous_2799)
FN:571,(anonymous_2800)
FN:571,(anonymous_2801)
FN:571,(anonymous_2802)
FN:571,(anonymous_2803)
FN:571,(anonymous_2804)
FN:571,(anonymous_2805)
FN:571,(anonymous_2806)
FN:571,(anonymous_2807)
FN:571,(anonymous_2808)
FN:571,(anonymous_2809)
FN:571,(anonymous_2810)
FN:571,(anonymous_2811)
FN:571,(anonymous_2812)
FN:571,(anonymous_2813)
FN:571,(anonymous_2814)
FN:571,(anonymous_2815)
FN:571,(anonymous_2816)
FN:571,(anonymous_2817)
FN:571,(anonymous_2818)
FN:571,o
FN:571,(anonymous_2820)
FN:571,(anonymous_2821)
FN:571,(anonymous_2822)
FN:571,u
FN:571,(anonymous_2824)
FN:571,u
FN:571,(anonymous_2826)
FN:576,o
FN:576,(anonymous_2828)
FN:576,a
FN:576,(anonymous_2830)
FN:576,(anonymous_2831)
FN:576,(anonymous_2832)
FN:576,(anonymous_2833)
FN:576,(anonymous_2834)
FN:576,(anonymous_2835)
FN:576,(anonymous_2836)
FN:576,(anonymous_2837)
FN:576,(anonymous_2838)
FN:576,(anonymous_2839)
FN:576,(anonymous_2840)
FN:576,(anonymous_2841)
FN:576,(anonymous_2842)
FN:576,(anonymous_2843)
FN:576,(anonymous_2844)
FN:576,(anonymous_2845)
FN:576,t
FN:576,(anonymous_2847)
FN:576,(anonymous_2848)
FN:576,(anonymous_2849)
FN:576,(anonymous_2850)
FN:576,(anonymous_2851)
FN:576,(anonymous_2852)
FN:576,(anonymous_2853)
FN:576,(anonymous_2854)
FN:576,(anonymous_2855)
FN:576,(anonymous_2856)
FN:576,p
FN:576,(anonymous_2858)
FN:576,d
FN:576,v
FN:576,(anonymous_2861)
FN:576,(anonymous_2862)
FN:576,(anonymous_2863)
FN:576,(anonymous_2864)
FN:576,(anonymous_2865)
FN:576,(anonymous_2866)
FN:576,(anonymous_2867)
FN:576,(anonymous_2868)
FN:576,(anonymous_2869)
FN:576,y
FN:576,(anonymous_2871)
FN:576,(anonymous_2872)
FN:576,(anonymous_2873)
FN:576,(anonymous_2874)
FN:576,(anonymous_2875)
FN:576,(anonymous_2876)
FN:576,(anonymous_2877)
FN:576,(anonymous_2878)
FN:576,(anonymous_2879)
FN:576,(anonymous_2880)
FN:576,(anonymous_2881)
FN:576,(anonymous_2882)
FN:576,(anonymous_2883)
FN:576,(anonymous_2884)
FN:576,(anonymous_2885)
FN:576,(anonymous_2886)
FN:576,(anonymous_2887)
FN:576,(anonymous_2888)
FN:576,(anonymous_2889)
FN:576,(anonymous_2890)
FN:576,(anonymous_2891)
FN:576,m
FN:576,(anonymous_2893)
FN:576,_
FN:576,g
FN:576,(anonymous_2896)
FN:576,(anonymous_2897)
FN:576,n
FN:576,(anonymous_2899)
FN:576,(anonymous_2900)
FN:576,(anonymous_2901)
FN:576,(anonymous_2902)
FN:576,(anonymous_2903)
FN:576,(anonymous_2904)
FN:576,(anonymous_2905)
FN:576,(anonymous_2906)
FN:576,(anonymous_2907)
FN:576,(anonymous_2908)
FN:576,(anonymous_2909)
FN:576,(anonymous_2910)
FN:576,(anonymous_2911)
FN:576,(anonymous_2912)
FN:576,(anonymous_2913)
FN:576,(anonymous_2914)
FN:576,(anonymous_2915)
FN:576,(anonymous_2916)
FN:576,(anonymous_2917)
FN:576,(anonymous_2918)
FN:576,(anonymous_2919)
FN:576,(anonymous_2920)
FN:576,(anonymous_2921)
FN:576,(anonymous_2922)
FN:576,(anonymous_2923)
FN:576,(anonymous_2924)
FN:576,(anonymous_2925)
FN:576,(anonymous_2926)
FN:576,(anonymous_2927)
FN:576,(anonymous_2928)
FN:576,(anonymous_2929)
FN:576,(anonymous_2930)
FN:576,(anonymous_2931)
FN:576,(anonymous_2932)
FN:576,(anonymous_2933)
FN:576,(anonymous_2934)
FN:576,S
FN:576,(anonymous_2936)
FN:576,(anonymous_2937)
FN:576,(anonymous_2938)
FN:576,x
FN:576,(anonymous_2940)
FN:576,T
FN:576,(anonymous_2942)
FN:576,O
FN:576,(anonymous_2944)
FN:576,(anonymous_2945)
FN:576,I
FN:576,R
FN:576,(anonymous_2948)
FN:576,t
FN:576,(anonymous_2950)
FN:576,(anonymous_2951)
FN:576,(anonymous_2952)
FN:576,(anonymous_2953)
FN:576,(anonymous_2954)
FN:576,(anonymous_2955)
FN:576,(anonymous_2956)
FN:576,(anonymous_2957)
FN:576,$
FN:576,q
FN:576,B
FN:576,G
FN:576,Q
FN:576,z
FN:576,K
FN:576,X
FN:576,Z
FN:592,tt
FN:592,(anonymous_2968)
FN:592,nt
FN:592,(anonymous_2970)
FN:592,(anonymous_2971)
FN:592,rt
FN:592,it
FN:592,(anonymous_2974)
FN:608,lt
FN:624,ht
FN:624,ft
FN:624,pt
FN:624,dt
FN:624,vt
FN:624,yt
FN:624,mt
FN:624,_t
FN:624,gt
FN:624,bt
FN:640,(anonymous_2986)
FN:657,(anonymous_2987)
FN:657,t
FN:657,(anonymous_2989)
FN:657,(anonymous_2990)
FN:657,(anonymous_2991)
FN:657,(anonymous_2992)
FN:657,(anonymous_2993)
FN:657,(anonymous_2994)
FN:657,(anonymous_2995)
FN:657,(anonymous_2996)
FN:657,(anonymous_2997)
FN:657,(anonymous_2998)
FN:657,(anonymous_2999)
FN:657,(anonymous_3000)
FN:657,(anonymous_3001)
FN:657,t
FN:657,(anonymous_3003)
FN:690,Et
FN:690,St
FN:707,(anonymous_3006)
FN:707,t
FN:707,(anonymous_3008)
FN:707,(anonymous_3009)
FN:707,(anonymous_3010)
FN:707,(anonymous_3011)
FN:707,(anonymous_3012)
FN:707,(anonymous_3013)
FN:707,(anonymous_3014)
FN:707,(anonymous_3015)
FN:707,(anonymous_3016)
FN:707,(anonymous_3017)
FN:707,(anonymous_3018)
FN:707,t
FN:707,(anonymous_3020)
FN:707,(anonymous_3021)
FN:707,(anonymous_3022)
FN:707,(anonymous_3023)
FN:707,(anonymous_3024)
FN:707,(anonymous_3025)
FN:707,(anonymous_3026)
FN:707,(anonymous_3027)
FN:707,(anonymous_3028)
FN:740,kt
FN:756,Ot
FN:756,(anonymous_3031)
FN:756,It
FN:772,Rt
FN:772,Nt
FN:788,Dt
FN:788,(anonymous_3036)
FN:788,Mt
FN:788,(anonymous_3038)
FN:788,(anonymous_3039)
FN:788,(anonymous_3040)
FN:788,Lt
FN:788,(anonymous_3042)
FN:788,(anonymous_3043)
FN:788,Ft
FN:788,jt
FN:788,Ut
FN:804,qt
FN:804,Bt
FN:804,(anonymous_3049)
FN:820,Qt
FN:820,zt
FN:820,(anonymous_3052)
FN:820,Kt
FN:820,(anonymous_3054)
FN:820,(anonymous_3055)
FN:820,Xt
FN:820,(anonymous_3057)
FN:820,(anonymous_3058)
FN:820,(anonymous_3059)
FN:820,Zt
FN:820,(anonymous_3061)
FN:820,Jt
FN:820,(anonymous_3063)
FN:820,te
FN:820,ee
FN:820,ne
FN:820,re
FN:820,ie
FN:820,(anonymous_3069)
FN:820,oe
FN:820,(anonymous_3071)
FN:820,(anonymous_3072)
FN:820,se
FN:820,ue
FN:820,(anonymous_3075)
FN:836,(anonymous_3076)
FN:836,(anonymous_3077)
FN:853,he
FN:853,(anonymous_3079)
FN:853,(anonymous_3080)
FN:853,pe
FN:853,n
FN:853,(anonymous_3083)
FN:853,de
FN:853,(anonymous_3085)
FN:853,ve
FN:853,ye
FN:853,me
FN:853,(anonymous_3089)
FN:853,_e
FN:853,(anonymous_3091)
FN:853,ge
FN:853,(anonymous_3093)
FN:869,be
FN:869,(anonymous_3095)
FN:869,(anonymous_3096)
FN:885,(anonymous_3097)
FN:885,t
FN:885,(anonymous_3099)
FN:885,(anonymous_3100)
FN:885,(anonymous_3101)
FN:885,(anonymous_3102)
FN:885,(anonymous_3103)
FN:885,(anonymous_3104)
FN:885,(anonymous_3105)
FN:885,(anonymous_3106)
FN:885,(anonymous_3107)
FN:885,(anonymous_3108)
FN:885,(anonymous_3109)
FN:885,(anonymous_3110)
FN:885,(anonymous_3111)
FN:885,(anonymous_3112)
FN:885,(anonymous_3113)
FN:885,(anonymous_3114)
FN:885,(anonymous_3115)
FN:885,(anonymous_3116)
FN:885,(anonymous_3117)
FN:885,(anonymous_3118)
FN:885,(anonymous_3119)
FN:885,(anonymous_3120)
FN:885,(anonymous_3121)
FN:885,(anonymous_3122)
FN:885,(anonymous_3123)
FN:885,(anonymous_3124)
FN:885,(anonymous_3125)
FN:885,(anonymous_3126)
FN:885,(anonymous_3127)
FN:885,(anonymous_3128)
FN:885,(anonymous_3129)
FN:885,(anonymous_3130)
FN:885,(anonymous_3131)
FN:885,(anonymous_3132)
FN:885,(anonymous_3133)
FN:885,(anonymous_3134)
FN:885,(anonymous_3135)
FN:885,i
FN:885,u
FN:885,h
FN:885,(anonymous_3139)
FN:885,(anonymous_3140)
FN:885,f
FN:885,(anonymous_3142)
FN:885,(anonymous_3143)
FN:885,(anonymous_3144)
FN:885,(anonymous_3145)
FN:885,(anonymous_3146)
FN:885,(anonymous_3147)
FN:885,(anonymous_3148)
FN:885,(anonymous_3149)
FN:885,(anonymous_3150)
FN:885,(anonymous_3151)
FN:885,(anonymous_3152)
FN:885,(anonymous_3153)
FN:885,t
FN:885,(anonymous_3155)
FN:885,(anonymous_3156)
FN:885,(anonymous_3157)
FN:885,(anonymous_3158)
FN:885,(anonymous_3159)
FN:885,(anonymous_3160)
FN:885,(anonymous_3161)
FN:885,(anonymous_3162)
FN:885,(anonymous_3163)
FN:885,(anonymous_3164)
FN:885,(anonymous_3165)
FN:885,(anonymous_3166)
FN:885,(anonymous_3167)
FN:885,(anonymous_3168)
FN:885,(anonymous_3169)
FN:885,(anonymous_3170)
FN:885,(anonymous_3171)
FN:885,(anonymous_3172)
FN:885,(anonymous_3173)
FN:885,(anonymous_3174)
FN:885,(anonymous_3175)
FN:885,(anonymous_3176)
FN:885,(anonymous_3177)
FN:885,(anonymous_3178)
FN:885,(anonymous_3179)
FN:885,(anonymous_3180)
FN:885,(anonymous_3181)
FN:885,(anonymous_3182)
FN:885,(anonymous_3183)
FN:885,(anonymous_3184)
FN:885,(anonymous_3185)
FN:885,(anonymous_3186)
FN:885,t
FN:885,(anonymous_3188)
FN:885,(anonymous_3189)
FN:885,(anonymous_3190)
FN:885,t
FN:885,(anonymous_3192)
FN:885,(anonymous_3193)
FN:885,(anonymous_3194)
FN:885,(anonymous_3195)
FN:885,(anonymous_3196)
FN:885,(anonymous_3197)
FN:885,t
FN:885,(anonymous_3199)
FN:885,(anonymous_3200)
FN:885,(anonymous_3201)
FN:885,(anonymous_3202)
FN:885,(anonymous_3203)
FN:885,(anonymous_3204)
FN:885,(anonymous_3205)
FN:885,(anonymous_3206)
FN:885,(anonymous_3207)
FN:885,(anonymous_3208)
FN:885,(anonymous_3209)
FN:885,(anonymous_3210)
FN:885,(anonymous_3211)
FN:918,(anonymous_3212)
FN:918,t
FN:918,(anonymous_3214)
FN:918,(anonymous_3215)
FN:918,e
FN:935,(anonymous_3217)
FN:935,s
FN:935,c
FN:935,l
FN:935,(anonymous_3221)
FN:935,h
FN:935,p
FN:935,(anonymous_3224)
FN:935,(anonymous_3225)
FN:935,(anonymous_3226)
FN:935,i
FN:935,(anonymous_3228)
FN:935,(anonymous_3229)
FN:935,(anonymous_3230)
FN:935,(anonymous_3231)
FN:935,Oe
FN:935,(anonymous_3233)
FN:935,(anonymous_3234)
FN:951,(anonymous_3235)
FN:951,t
FN:951,(anonymous_3237)
FN:951,(anonymous_3238)
FN:951,e
FN:951,(anonymous_3240)
FN:951,e
FN:951,(anonymous_3242)
FN:951,(anonymous_3243)
FN:951,(anonymous_3244)
FN:951,(anonymous_3245)
FN:951,(anonymous_3246)
FN:951,(anonymous_3247)
FN:951,t
FN:951,(anonymous_3249)
FN:951,Le
FN:951,(anonymous_3251)
FN:951,(anonymous_3252)
FN:951,(anonymous_3253)
FN:951,(anonymous_3254)
FN:951,(anonymous_3255)
FN:951,(anonymous_3256)
FN:951,(anonymous_3257)
FN:951,(anonymous_3258)
FN:951,(anonymous_3259)
FN:951,(anonymous_3260)
FN:951,(anonymous_3261)
FN:951,(anonymous_3262)
FN:951,Ge
FN:951,(anonymous_3264)
FN:951,Qe
FN:951,(anonymous_3266)
FN:951,(anonymous_3267)
FN:951,ze
FN:951,Ke
FN:951,(anonymous_3270)
FN:951,(anonymous_3271)
FN:951,(anonymous_3272)
FN:951,(anonymous_3273)
FN:951,(anonymous_3274)
FN:951,(anonymous_3275)
FN:951,(anonymous_3276)
FN:951,(anonymous_3277)
FN:951,(anonymous_3278)
FN:951,(anonymous_3279)
FN:951,(anonymous_3280)
FN:951,(anonymous_3281)
FN:951,(anonymous_3282)
FN:951,(anonymous_3283)
FN:951,(anonymous_3284)
FN:951,(anonymous_3285)
FN:951,(anonymous_3286)
FN:951,(anonymous_3287)
FN:951,Je
FN:951,tn
FN:951,(anonymous_3290)
FN:951,(anonymous_3291)
FN:951,(anonymous_3292)
FN:951,(anonymous_3293)
FN:951,(anonymous_3294)
FN:951,(anonymous_3295)
FN:951,(anonymous_3296)
FN:951,(anonymous_3297)
FN:951,(anonymous_3298)
FN:951,(anonymous_3299)
FN:951,nn
FN:951,(anonymous_3301)
FN:951,(anonymous_3302)
FN:951,(anonymous_3303)
FN:951,(anonymous_3304)
FN:951,(anonymous_3305)
FN:951,(anonymous_3306)
FN:951,hn
FN:951,(anonymous_3308)
FN:951,(anonymous_3309)
FN:951,(anonymous_3310)
FN:951,(anonymous_3311)
FN:951,(anonymous_3312)
FN:951,(anonymous_3313)
FN:951,(anonymous_3314)
FN:951,(anonymous_3315)
FN:951,(anonymous_3316)
FN:951,(anonymous_3317)
FN:951,(anonymous_3318)
FN:951,(anonymous_3319)
FN:951,(anonymous_3320)
FN:951,(anonymous_3321)
FN:951,(anonymous_3322)
FN:951,(anonymous_3323)
FN:951,(anonymous_3324)
FN:951,(anonymous_3325)
FN:951,(anonymous_3326)
FN:951,(anonymous_3327)
FN:951,(anonymous_3328)
FN:951,(anonymous_3329)
FN:951,(anonymous_3330)
FN:951,(anonymous_3331)
FN:951,(anonymous_3332)
FN:951,(anonymous_3333)
FN:951,(anonymous_3334)
FN:951,(anonymous_3335)
FN:951,(anonymous_3336)
FN:951,(anonymous_3337)
FN:951,(anonymous_3338)
FN:951,(anonymous_3339)
FN:951,(anonymous_3340)
FN:951,(anonymous_3341)
FN:951,(anonymous_3342)
FN:951,(anonymous_3343)
FN:951,(anonymous_3344)
FN:951,(anonymous_3345)
FN:951,(anonymous_3346)
FN:951,(anonymous_3347)
FN:951,(anonymous_3348)
FN:951,(anonymous_3349)
FN:951,(anonymous_3350)
FN:951,(anonymous_3351)
FN:951,(anonymous_3352)
FN:951,(anonymous_3353)
FN:951,(anonymous_3354)
FN:951,(anonymous_3355)
FN:951,(anonymous_3356)
FN:951,(anonymous_3357)
FN:951,(anonymous_3358)
FN:951,(anonymous_3359)
FN:951,(anonymous_3360)
FN:951,(anonymous_3361)
FN:951,(anonymous_3362)
FN:951,(anonymous_3363)
FN:951,(anonymous_3364)
FN:951,(anonymous_3365)
FN:951,(anonymous_3366)
FN:951,(anonymous_3367)
FN:951,(anonymous_3368)
FN:951,(anonymous_3369)
FN:951,(anonymous_3370)
FN:951,(anonymous_3371)
FN:951,(anonymous_3372)
FN:951,(anonymous_3373)
FN:951,(anonymous_3374)
FN:951,(anonymous_3375)
FN:951,(anonymous_3376)
FN:951,(anonymous_3377)
FN:951,(anonymous_3378)
FN:951,(anonymous_3379)
FN:951,(anonymous_3380)
FN:951,(anonymous_3381)
FN:951,(anonymous_3382)
FN:951,(anonymous_3383)
FN:951,(anonymous_3384)
[...]
BRDA:885,4201,1,0
BRDA:885,4201,2,0
BRDA:885,4201,3,0
BRDA:885,4202,0,0
BRDA:885,4202,1,0
BRDA:885,4203,0,0
BRDA:885,4203,1,0
BRDA:885,4203,2,0
BRDA:885,4203,3,0
BRDA:885,4203,4,0
BRDA:885,4203,5,0
BRDA:885,4204,0,0
BRDA:885,4204,1,0
BRDA:885,4205,0,0
BRDA:885,4205,1,0
BRDA:885,4206,0,0
BRDA:885,4206,1,0
BRDA:885,4207,0,0
BRDA:885,4207,1,0
BRDA:885,4208,0,0
BRDA:885,4208,1,0
BRDA:885,4209,0,0
BRDA:885,4209,1,0
BRDA:885,4210,0,0
BRDA:885,4210,1,0
BRDA:885,4211,0,0
BRDA:885,4211,1,0
BRDA:885,4212,0,0
BRDA:885,4212,1,0
BRDA:885,4213,0,0
BRDA:885,4213,1,0
BRDA:885,4214,0,0
BRDA:885,4214,1,0
BRDA:885,4215,0,0
BRDA:885,4215,1,0
BRDA:885,4216,0,0
BRDA:885,4216,1,0
BRDA:885,4217,0,0
BRDA:885,4217,1,0
BRDA:885,4218,0,0
BRDA:885,4218,1,0
BRDA:885,4219,0,0
BRDA:885,4219,1,0
BRDA:885,4219,2,0
BRDA:885,4220,0,0
BRDA:885,4220,1,0
BRDA:885,4220,2,0
BRDA:885,4220,3,0
BRDA:885,4221,0,0
BRDA:885,4221,1,0
BRDA:885,4222,0,0
BRDA:885,4222,1,0
BRDA:885,4223,0,0
BRDA:885,4223,1,0
BRDA:885,4224,0,0
BRDA:885,4224,1,0
BRDA:885,4225,0,0
BRDA:885,4225,1,0
BRDA:885,4226,0,0
BRDA:885,4226,1,0
BRDA:885,4227,0,0
BRDA:885,4227,1,0
BRDA:885,4228,0,0
BRDA:885,4228,1,0
BRDA:885,4229,0,0
BRDA:885,4229,1,0
BRDA:885,4230,0,0
BRDA:885,4230,1,0
BRDA:885,4231,0,0
BRDA:885,4231,1,0
BRDA:885,4232,0,0
BRDA:885,4232,1,0
BRDA:885,4233,0,0
BRDA:885,4233,1,0
BRDA:918,4234,0,0
BRDA:918,4234,1,0
BRDA:918,4235,0,0
BRDA:918,4235,1,0
BRDA:918,4236,0,0
BRDA:918,4236,1,0
BRDA:918,4237,0,0
BRDA:918,4237,1,0
BRDA:918,4238,0,0
BRDA:918,4238,1,0
BRDA:918,4239,0,0
BRDA:918,4239,1,0
BRDA:918,4240,0,0
BRDA:918,4240,1,0
BRDA:935,4241,0,0
BRDA:935,4241,1,0
BRDA:935,4242,0,0
BRDA:935,4242,1,0
BRDA:935,4243,0,0
BRDA:935,4243,1,0
BRDA:935,4244,0,0
BRDA:935,4244,1,0
BRDA:935,4245,0,0
BRDA:935,4245,1,0
BRDA:935,4246,0,0
BRDA:935,4246,1,0
BRDA:935,4247,0,0
BRDA:935,4247,1,0
BRDA:935,4248,0,0
BRDA:935,4248,1,0
BRDA:935,4249,0,0
BRDA:935,4249,1,0
BRDA:935,4250,0,0
BRDA:935,4250,1,0
BRDA:935,4251,0,0
BRDA:935,4251,1,0
BRDA:935,4252,0,0
BRDA:935,4252,1,0
BRDA:935,4253,0,0
BRDA:935,4253,1,0
BRDA:935,4254,0,0
BRDA:935,4254,1,0
BRDA:935,4255,0,0
BRDA:935,4255,1,0
BRDA:935,4256,0,0
BRDA:935,4256,1,0
BRDA:935,4257,0,0
BRDA:935,4257,1,0
BRDA:935,4258,0,0
BRDA:935,4258,1,0
BRDA:935,4259,0,0
BRDA:935,4259,1,0
BRDA:935,4260,0,0
BRDA:935,4260,1,0
BRDA:935,4261,0,0
BRDA:935,4261,1,0
BRDA:935,4262,0,0
BRDA:935,4262,1,0
BRDA:935,4263,0,0
BRDA:935,4263,1,0
BRDA:935,4264,0,0
BRDA:935,4264,1,0
BRDA:935,4264,2,0
BRDA:935,4265,0,0
BRDA:935,4265,1,0
BRDA:935,4265,2,0
BRDA:935,4266,0,0
BRDA:935,4266,1,0
BRDA:951,4267,0,0
BRDA:951,4267,1,0
BRDA:951,4268,0,0
BRDA:951,4268,1,0
BRDA:951,4269,0,0
BRDA:951,4269,1,0
BRDA:951,4270,0,0
BRDA:951,4270,1,0
BRDA:951,4271,0,0
BRDA:951,4271,1,0
BRDA:951,4272,0,0
BRDA:951,4272,1,0
BRDA:951,4273,0,0
BRDA:951,4273,1,0
BRDA:951,4274,0,0
BRDA:951,4274,1,0
BRDA:951,4275,0,0
BRDA:951,4275,1,0
BRDA:951,4275,2,0
BRDA:951,4275,3,0
BRDA:951,4275,4,0
BRDA:951,4276,0,0
BRDA:951,4276,1,0
BRDA:951,4276,2,0
BRDA:951,4276,3,0
BRDA:951,4276,4,0
BRDA:951,4277,0,0
BRDA:951,4277,1,0
BRDA:951,4277,2,0
BRDA:951,4277,3,0
BRDA:951,4277,4,0
BRDA:951,4278,0,0
BRDA:951,4278,1,0
BRDA:951,4278,2,0
BRDA:951,4278,3,0
BRDA:951,4278,4,0
BRDA:951,4279,0,0
BRDA:951,4279,1,0
BRDA:951,4280,0,0
BRDA:951,4280,1,0
BRDA:951,4281,0,0
BRDA:951,4281,1,0
BRDA:951,4282,0,0
BRDA:951,4282,1,0
BRDA:951,4283,0,0
BRDA:951,4283,1,0
BRDA:951,4284,0,0
BRDA:951,4284,1,0
BRDA:951,4285,0,0
BRDA:951,4285,1,0
BRDA:951,4286,0,0
BRDA:951,4286,1,0
BRDA:951,4286,2,0
BRDA:951,4287,0,0
BRDA:951,4287,1,0
BRDA:951,4288,0,0
BRDA:951,4288,1,0
BRDA:951,4289,0,0
BRDA:951,4289,1,0
BRDA:951,4290,0,0
BRDA:951,4290,1,0
BRDA:951,4291,0,0
BRDA:951,4291,1,0
BRDA:951,4292,0,0
BRDA:951,4292,1,0
BRDA:951,4292,2,0
BRDA:951,4293,0,0
BRDA:951,4293,1,0
BRDA:951,4294,0,0
BRDA:951,4294,1,0
BRDA:951,4295,0,0
BRDA:951,4295,1,0
BRDA:951,4296,0,0
BRDA:951,4296,1,0
BRDA:951,4297,0,0
BRDA:951,4297,1,0
BRDA:951,4298,0,0
BRDA:951,4298,1,0
BRDA:951,4299,0,0
BRDA:951,4299,1,0
BRDA:951,4300,0,0
BRDA:951,4300,1,0
BRDA:951,4301,0,0
BRDA:951,4301,1,0
BRDA:951,4301,2,0
BRDA:951,4301,3,0
BRDA:951,4302,0,0
BRDA:951,4302,1,0
BRDA:951,4303,0,0
BRDA:951,4303,1,0
BRDA:951,4304,0,0
BRDA:951,4304,1,0
BRDA:951,4305,0,0
BRDA:951,4305,1,0
BRDA:951,4306,0,0
BRDA:951,4306,1,0
BRDA:951,4307,0,0
BRDA:951,4307,1,0
BRDA:951,4308,0,0
BRDA:951,4308,1,0
BRDA:951,4309,0,0
BRDA:951,4309,1,0
BRDA:951,4310,0,0
BRDA:951,4310,1,0
BRDA:951,4310,2,0
BRDA:951,4311,0,0
BRDA:951,4311,1,0
BRDA:951,4311,2,0
BRDA:951,4311,3,0
BRDA:951,4311,4,0
BRDA:951,4311,5,0
BRDA:951,4312,0,0
BRDA:951,4312,1,0
BRDA:951,4313,0,0
BRDA:951,4313,1,0
BRDA:951,4313,2,0
BRDA:951,4314,0,0
BRDA:951,4314,1,0
BRDA:951,4315,0,0
BRDA:951,4315,1,0
BRDA:951,4316,0,0
BRDA:951,4316,1,0
BRDA:951,4317,0,0
BRDA:951,4317,1,0
BRDA:951,4318,0,0
BRDA:951,4318,1,0
BRDA:951,4319,0,0
BRDA:951,4319,1,0
BRDA:951,4320,0,0
BRDA:951,4320,1,0
BRDA:951,4321,0,0
BRDA:951,4321,1,0
BRDA:951,4322,0,0
BRDA:951,4322,1,0
BRDA:951,4323,0,0
BRDA:951,4323,1,0
BRDA:951,4324,0,0
BRDA:951,4324,1,0
BRDA:951,4325,0,0
BRDA:951,4325,1,0
BRDA:951,4326,0,0
BRDA:951,4326,1,0
BRDA:951,4327,0,0
BRDA:951,4327,1,0
BRDA:951,4328,0,0
BRDA:951,4328,1,0
BRDA:951,4329,0,0
BRDA:951,4329,1,0
BRDA:951,4330,0,0
BRDA:951,4330,1,0
BRDA:951,4331,0,0
BRDA:951,4331,1,0
BRDA:951,4332,0,0
BRDA:951,4332,1,0
BRDA:951,4333,0,0
BRDA:951,4333,1,0
BRDA:951,4334,0,0
BRDA:951,4334,1,0
BRDA:951,4335,0,0
BRDA:951,4335,1,0
BRDA:951,4336,0,0
BRDA:951,4336,1,0
BRDA:951,4337,0,0
BRDA:951,4337,1,0
BRDA:951,4338,0,0
BRDA:951,4338,1,0
BRDA:951,4339,0,0
BRDA:951,4339,1,0
BRDA:951,4340,0,0
BRDA:951,4340,1,0
BRDA:951,4341,0,0
BRDA:951,4341,1,0
BRDA:951,4342,0,0
BRDA:951,4342,1,0
BRDA:951,4343,0,0
BRDA:951,4343,1,0
BRDA:951,4344,0,0
BRDA:951,4344,1,0
BRDA:951,4345,0,0
BRDA:951,4345,1,0
BRDA:951,4346,0,0
BRDA:951,4346,1,0
BRDA:951,4347,0,0
BRDA:951,4347,1,0
BRDA:951,4348,0,0
BRDA:951,4348,1,0
BRDA:951,4349,0,0
BRDA:951,4349,1,0
BRDA:951,4350,0,0
BRDA:951,4350,1,0
BRDA:951,4351,0,0
BRDA:951,4351,1,0
BRDA:951,4352,0,0
BRDA:951,4352,1,0
BRDA:951,4353,0,0
BRDA:951,4353,1,0
BRDA:951,4353,2,0
BRDA:951,4353,3,0
BRDA:951,4353,4,0
BRDA:951,4354,0,0
BRDA:951,4354,1,0
BRDA:951,4354,2,0
BRDA:951,4354,3,0
BRDA:951,4354,4,0
BRDA:951,4354,5,0
BRDA:951,4354,6,0
BRDA:951,4355,0,0
BRDA:951,4355,1,0
BRDA:951,4356,0,0
BRDA:951,4356,1,0
BRDA:951,4357,0,0
BRDA:951,4357,1,0
BRDA:951,4358,0,0
BRDA:951,4358,1,0
BRDA:951,4359,0,0
BRDA:951,4359,1,0
BRDA:951,4360,0,0
BRDA:951,4360,1,0
BRDA:951,4361,0,0
BRDA:951,4361,1,0
BRDA:951,4362,0,0
BRDA:951,4362,1,0
BRDA:951,4363,0,0
BRDA:951,4363,1,0
BRDA:951,4364,0,0
BRDA:951,4364,1,0
BRDA:951,4365,0,0
BRDA:951,4365,1,0
BRDA:951,4366,0,0
BRDA:951,4366,1,0
BRDA:951,4366,2,0
BRDA:951,4366,3,0
BRDA:951,4366,4,0
BRDA:951,4367,0,0
BRDA:951,4367,1,0
BRDA:951,4368,0,0
BRDA:951,4368,1,0
BRDA:951,4369,0,0
BRDA:951,4369,1,0
BRDA:951,4370,0,0
BRDA:951,4370,1,0
BRDA:951,4371,0,0
BRDA:951,4371,1,0
BRDA:951,4371,2,0
BRDA:951,4371,3,0
BRDA:951,4371,4,0
BRDA:951,4371,5,0
BRDA:951,4371,6,0
BRDA:951,4371,7,0
BRDA:951,4371,8,0
BRDA:951,4371,9,0
BRDA:951,4371,10,0
BRDA:951,4371,11,0
BRDA:951,4371,12,0
BRDA:951,4371,13,0
BRDA:951,4371,14,0
BRDA:951,4371,15,0
BRDA:951,4371,16,0
BRDA:951,4371,17,0
BRDA:951,4371,18,0
BRDA:951,4371,19,0
BRDA:951,4371,20,0
BRDA:951,4371,21,0
BRDA:951,4371,22,0
BRDA:951,4371,23,0
BRDA:951,4371,24,0
BRDA:951,4371,25,0
BRDA:951,4371,26,0
BRDA:951,4371,27,0
BRDA:951,4371,28,0
BRDA:951,4371,29,0
BRDA:951,4372,0,0
BRDA:951,4372,1,0
BRDA:951,4373,0,0
BRDA:951,4373,1,0
BRDA:951,4374,0,0
BRDA:951,4374,1,0
BRDA:951,4375,0,0
BRDA:951,4375,1,0
BRDA:951,4376,0,0
BRDA:951,4376,1,0
BRDA:951,4376,2,0
BRDA:951,4376,3,0
BRDA:951,4376,4,0
BRDA:951,4377,0,0
BRDA:951,4377,1,0
BRDA:951,4378,0,0
BRDA:951,4378,1,0
BRDA:951,4379,0,0
BRDA:951,4379,1,0
BRDA:951,4380,0,0
BRDA:951,4380,1,0
BRDA:951,4381,0,0
BRDA:951,4381,1,0
BRDA:951,4382,0,0
BRDA:951,4382,1,0
BRDA:951,4383,0,0
BRDA:951,4383,1,0
BRDA:951,4384,0,0
BRDA:951,4384,1,0
BRDA:951,4385,0,0
BRDA:951,4385,1,0
BRDA:951,4386,0,0
BRDA:951,4386,1,0
BRDA:951,4387,0,0
BRDA:951,4387,1,0
BRDA:951,4388,0,0
BRDA:951,4388,1,0
BRDA:951,4389,0,0
BRDA:951,4389,1,0
BRDA:951,4390,0,0
BRDA:951,4390,1,0
BRDA:951,4390,2,0
BRDA:951,4391,0,0
BRDA:951,4391,1,0
BRDA:951,4391,2,0
BRDA:951,4391,3,0
BRDA:951,4392,0,0
BRDA:951,4392,1,0
BRDA:951,4392,2,0
BRDA:951,4393,0,0
BRDA:951,4393,1,0
BRDA:951,4394,0,0
BRDA:951,4394,1,0
BRDA:951,4395,0,0
BRDA:951,4395,1,0
BRDA:951,4396,0,0
BRDA:951,4396,1,0
BRDA:951,4397,0,0
BRDA:951,4397,1,0
BRF:9684
BRH:0
end_of_record
TN:
SF:scripts/build-zip.js
FN:10,(anonymous_0)
FN:19,(anonymous_1)
FN:25,(anonymous_2)
FN:31,(anonymous_3)
FN:34,(anonymous_4)
FN:37,(anonymous_5)
FN:42,(anonymous_6)
FN:49,(anonymous_7)
FNF:8
FNH:0
FNDA:0,(anonymous_0)
FNDA:0,(anonymous_1)
FNDA:0,(anonymous_2)
FNDA:0,(anonymous_3)
FNDA:0,(anonymous_4)
FNDA:0,(anonymous_5)
FNDA:0,(anonymous_6)
FNDA:0,(anonymous_7)
DA:3,0
DA:4,0
DA:5,0
DA:7,0
DA:8,0
DA:10,0
DA:11,0
DA:13,0
DA:19,0
DA:20,0
DA:21,0
DA:25,0
DA:26,0
DA:28,0
DA:29,0
DA:31,0
DA:32,0
DA:34,0
DA:37,0
DA:38,0
DA:42,0
DA:43,0
DA:44,0
DA:46,0
DA:48,0
DA:49,0
DA:53,0
LF:27
LH:0
BRDA:20,0,0,0
BRDA:20,0,1,0
BRF:2
BRH:0
end_of_record
TN:
SF:src/background.js
FN:1,(anonymous_0)
FN:12,(anonymous_1)
FN:13,(anonymous_2)
FNF:3
FNH:0
FNDA:0,(anonymous_0)
FNDA:0,(anonymous_1)
FNDA:0,(anonymous_2)
DA:1,0
DA:2,0
DA:3,0
DA:4,0
DA:5,0
DA:6,0
DA:12,0
DA:13,0
LF:8
LH:0
BRDA:2,0,0,0
BRDA:2,0,1,0
BRDA:4,1,0,0
BRDA:4,1,1,0
BRF:4
BRH:0
end_of_record
TN:
SF:src/components/MainClock/MainClock.vue
FN:65,data
FN:75,calculatedDistances
FN:80,getSemesterInfos
FN:84,getDueDates
FN:87,clockValid
FN:99,changeSemesterToNext
FN:105,changeSemesterToSeason
FN:112,created
FN:115,mounted
FN:116,(anonymous_10)
FNF:10
FNH:0
FNDA:0,data
FNDA:0,calculatedDistances
FNDA:0,getSemesterInfos
FNDA:0,getDueDates
FNDA:0,clockValid
FNDA:0,changeSemesterToNext
FNDA:0,changeSemesterToSeason
FNDA:0,created
FNDA:0,mounted
FNDA:0,(anonymous_10)
DA:60,0
DA:61,0
DA:66,0
DA:76,0
DA:81,0
DA:82,0
DA:85,0
DA:87,0
DA:89,0
DA:90,0
DA:91,0
DA:92,0
DA:94,0
DA:95,0
DA:97,0
DA:99,0
DA:101,0
DA:102,0
DA:103,0
DA:105,0
DA:107,0
DA:108,0
DA:109,0
DA:113,0
DA:115,0
DA:116,0
DA:117,0
DA:118,0
LF:28
LH:0
BRDA:90,0,0,0
BRDA:90,0,1,0
BRDA:94,1,0,0
BRDA:94,1,1,0
BRF:4
BRH:0
end_of_record
TN:
SF:src/components/MainHotlinks/MainHotlinks.vue
FN:21,data
FNF:1
FNH:1
FNDA:1,data
DA:17,1
DA:22,1
LF:2
LH:2
BRF:0
BRH:0
end_of_record
TN:
SF:src/components/MainUserInfo/MainUserInfo.vue
FN:61,data
FN:70,getDistance
FN:73,userName
FN:76,userFreshmanYear
FN:81,getRandomArrayIndex
FN:84,getGreetingMessage
FN:90,removeUserInfo
FN:96,updateUserInfo
FN:103,userInputValid
FN:117,created
FNF:10
FNH:0
FNDA:0,data
FNDA:0,getDistance
FNDA:0,userName
FNDA:0,userFreshmanYear
FNDA:0,getRandomArrayIndex
FNDA:0,getGreetingMessage
FNDA:0,removeUserInfo
FNDA:0,updateUserInfo
FNDA:0,userInputValid
FNDA:0,created
DA:54,0
DA:55,0
DA:56,0
DA:57,0
DA:62,0
DA:71,0
DA:74,0
DA:77,0
DA:82,0
DA:85,0
DA:86,0
DA:87,0
DA:88,0
DA:90,0
DA:92,0
DA:93,0
DA:94,0
DA:97,0
DA:101,0
DA:104,0
DA:105,0
DA:106,0
DA:107,0
DA:109,0
DA:110,0
DA:112,0
DA:118,0
LF:27
LH:0
BRDA:104,0,0,0
BRDA:104,0,1,0
BRDA:106,1,0,0
BRDA:106,1,1,0
BRDA:109,2,0,0
BRDA:109,2,1,0
BRDA:109,3,0,0
BRDA:109,3,1,0
BRF:8
BRH:0
end_of_record
TN:
SF:src/components/TabFooter/TabFooter.vue
FN:61,data
FN:68,showImgUpdate
FN:72,showDeveloper
FNF:3
FNH:0
FNDA:0,data
FNDA:0,showImgUpdate
FNDA:0,showDeveloper
DA:50,0
DA:51,0
DA:52,0
DA:53,0
DA:62,0
DA:69,0
DA:70,0
DA:73,0
DA:74,0
LF:9
LH:0
BRF:0
BRH:0
end_of_record
TN:
SF:src/components/TabFooter/TabFooterSide/SideDeveloper.vue
FNF:0
FNH:0
DA:32,0
LF:1
LH:0
BRF:0
BRH:0
end_of_record
TN:
SF:src/components/TabFooter/TabFooterSide/SideImgUpdate.vue
FN:54,data
FN:60,fileToData
FN:64,isFileSizeValid
FN:70,handleFileUpload
FN:59,handleFileUpload$
FN:80,handleChangeImg
FNF:6
FNH:0
FNDA:0,data
FNDA:0,fileToData
FNDA:0,isFileSizeValid
FNDA:0,handleFileUpload
FNDA:0,handleFileUpload$
FNDA:0,handleChangeImg
DA:45,0
DA:46,0
DA:50,0
DA:55,0
DA:59,0
DA:61,0
DA:62,0
DA:65,0
DA:66,0
DA:67,0
DA:72,0
DA:73,0
DA:77,0
DA:81,0
DA:82,0
DA:86,0
DA:87,0
LF:17
LH:0
BRDA:65,0,0,0
BRDA:65,0,1,0
BRDA:65,1,0,0
BRDA:65,1,1,0
BRDA:59,2,0,0
BRDA:59,2,1,0
BRDA:59,2,2,0
BRDA:59,2,3,0
BRDA:59,2,4,0
BRDA:59,3,0,0
BRDA:59,3,1,0
BRDA:59,3,2,0
BRDA:59,3,3,0
BRDA:59,3,4,0
BRDA:59,3,5,0
BRDA:59,3,6,0
BRDA:59,4,0,0
BRDA:59,4,1,0
BRF:18
BRH:0
end_of_record
TN:
SF:src/components/TabHeader/TabHeader.vue
FN:80,data
FN:88,showNotifications
FN:92,showRandomMenu
FN:97,showWeather
FNF:4
FNH:0
FNDA:0,data
FNDA:0,showNotifications
FNDA:0,showRandomMenu
FNDA:0,showWeather
DA:68,0
DA:69,0
DA:70,0
DA:71,0
DA:81,0
DA:89,0
DA:90,0
DA:93,0
DA:94,0
DA:95,0
DA:98,0
DA:99,0
LF:12
LH:0
BRF:0
BRH:0
end_of_record
TN:
SF:src/components/TabHeader/TabHeaderSide/SideNotifications.vue
FN:50,data
FN:59,notificationArrayCalculated
FN:65,changePageIndex
FN:69,trimDate
FN:75,created
FN:76,(anonymous_6)
FN:80,(anonymous_7)
FN:84,(anonymous_8)
FNF:8
FNH:0
FNDA:0,data
FNDA:0,notificationArrayCalculated
FNDA:0,changePageIndex
FNDA:0,trimDate
FNDA:0,created
FNDA:0,(anonymous_6)
FNDA:0,(anonymous_7)
FNDA:0,(anonymous_8)
DA:41,0
DA:42,0
DA:43,0
DA:51,0
DA:60,0
DA:61,0
DA:66,0
DA:67,0
DA:70,0
DA:71,0
DA:72,0
DA:75,0
DA:76,0
DA:77,0
DA:78,0
DA:80,0
DA:82,0
DA:83,0
DA:86,0
LF:19
LH:0
BRDA:77,0,0,0
BRDA:77,0,1,0
BRF:2
BRH:0
end_of_record
TN:
SF:src/components/TabHeader/TabHeaderSide/SideRandomMenu.vue
FN:32,data
FN:38,getRandomMenu
FNF:2
FNH:0
FNDA:0,data
FNDA:0,getRandomMenu
DA:27,0
DA:28,0
DA:29,0
DA:33,0
DA:39,0
DA:40,0
LF:6
LH:0
BRF:0
BRH:0
end_of_record
TN:
SF:src/components/TabHeader/TabHeaderSide/SideWeather.vue
FN:71,data
FN:79,changeToEmoji
FN:82,changeStatus
FN:92,created
FN:93,(anonymous_5)
FN:103,(anonymous_6)
FN:108,(anonymous_7)
FNF:7
FNH:0
FNDA:0,data
FNDA:0,changeToEmoji
FNDA:0,changeStatus
FNDA:0,created
FNDA:0,(anonymous_5)
FNDA:0,(anonymous_6)
FNDA:0,(anonymous_7)
DA:61,0
DA:62,0
DA:63,0
DA:64,0
DA:72,0
DA:80,0
DA:83,0
DA:84,0
DA:85,0
DA:87,0
DA:88,0
DA:92,0
DA:93,0
DA:94,0
DA:95,0
DA:99,0
DA:100,0
DA:101,0
DA:103,0
DA:105,0
DA:106,0
DA:107,0
DA:110,0
LF:23
LH:0
BRDA:83,0,0,0
BRDA:83,0,1,0
BRDA:94,1,0,0
BRDA:94,1,1,0
BRDA:95,2,0,0
BRDA:95,2,1,0
BRDA:99,3,0,0
BRDA:99,3,1,0
BRF:8
BRH:0
end_of_record
TN:
SF:src/services/firebaseDbAccess.js
FN:5,(anonymous_0)
FN:14,(anonymous_1)
FN:25,(anonymous_2)
FNF:3
FNH:0
FNDA:0,(anonymous_0)
FNDA:0,(anonymous_1)
FNDA:0,(anonymous_2)
DA:5,0
DA:6,0
DA:7,0
DA:8,0
DA:10,0
DA:14,0
DA:15,0
DA:16,0
DA:19,0
DA:21,0
DA:25,0
DA:26,0
DA:27,0
DA:28,0
DA:30,0
LF:15
LH:0
BRF:0
BRH:0
end_of_record
TN:
SF:src/services/localStorageAccess.js
FN:3,localStorageGet
FN:5,(anonymous_1)
FN:6,(anonymous_2)
FN:15,localStorageSet
FN:23,localStorageRemove
FNF:5
FNH:0
FNDA:0,localStorageGet
FNDA:0,(anonymous_1)
FNDA:0,(anonymous_2)
FNDA:0,localStorageSet
FNDA:0,localStorageRemove
DA:4,0
DA:5,0
DA:6,0
DA:7,0
DA:11,0
DA:16,0
DA:17,0
DA:19,0
DA:24,0
DA:25,0
DA:27,0
LF:11
LH:0
BRF:0
BRH:0
end_of_record
TN:
SF:src/services/storageAccess.js
FN:5,(anonymous_0)
FN:12,(anonymous_1)
FN:20,(anonymous_2)
FNF:3
FNH:0
FNDA:0,(anonymous_0)
FNDA:0,(anonymous_1)
FNDA:0,(anonymous_2)
DA:5,0
DA:6,0
DA:7,0
DA:8,0
DA:9,0
DA:12,0
DA:13,0
DA:14,0
DA:20,0
DA:21,0
DA:22,0
LF:11
LH:0
BRF:0
BRH:0
end_of_record
TN:
SF:src/store/index.js
FN:33,(anonymous_0)
FN:37,(anonymous_1)
FN:42,(anonymous_2)
FN:47,(anonymous_3)
FN:56,(anonymous_4)
FN:68,(anonymous_5)
FN:73,(anonymous_6)
FN:74,(anonymous_7)
FN:82,(anonymous_8)
FN:87,(anonymous_9)
FN:98,(anonymous_10)
FN:104,(anonymous_11)
FN:107,(anonymous_12)
FN:109,(anonymous_13)
FNF:14
FNH:0
FNDA:0,(anonymous_0)
FNDA:0,(anonymous_1)
FNDA:0,(anonymous_2)
FNDA:0,(anonymous_3)
FNDA:0,(anonymous_4)
FNDA:0,(anonymous_5)
FNDA:0,(anonymous_6)
FNDA:0,(anonymous_7)
FNDA:0,(anonymous_8)
FNDA:0,(anonymous_9)
FNDA:0,(anonymous_10)
FNDA:0,(anonymous_11)
FNDA:0,(anonymous_12)
FNDA:0,(anonymous_13)
DA:11,0
DA:23,0
DA:34,0
DA:35,0
DA:38,0
DA:39,0
DA:40,0
DA:43,0
DA:44,0
DA:45,0
DA:48,0
DA:49,0
DA:51,0
DA:57,0
DA:58,0
DA:59,0
DA:61,0
DA:62,0
DA:66,0
DA:69,0
DA:74,0
DA:75,0
DA:79,0
DA:83,0
DA:88,0
DA:89,0
DA:92,0
DA:93,0
DA:98,0
DA:99,0
DA:105,0
DA:106,0
DA:107,0
DA:108,0
DA:109,0
DA:110,0
DA:111,0
DA:120,0
LF:38
LH:0
BRDA:48,0,0,0
BRDA:48,0,1,0
BRDA:51,1,0,0
BRDA:51,1,1,0
BRDA:57,2,0,0
BRDA:57,2,1,0
BRDA:62,3,0,0
BRDA:62,3,1,0
BRDA:88,4,0,0
BRDA:88,4,1,0
BRDA:92,5,0,0
BRDA:92,5,1,0
BRDA:92,6,0,0
BRDA:92,6,1,0
BRF:14
BRH:0
end_of_record
TN:
SF:src/tab/App.vue
FN:43,data
FN:51,backgroundImg
FN:56,getBackgroundImg
FN:55,getBackgroundImg$
FN:59,getSemesterInfos
FN:63,getUserInfo
FN:67,created
FN:70,(anonymous_11)
FN:75,(anonymous_12)
FNF:9
FNH:0
FNDA:0,data
FNDA:0,backgroundImg
FNDA:0,getBackgroundImg
FNDA:0,getBackgroundImg$
FNDA:0,getSemesterInfos
FNDA:0,getUserInfo
FNDA:0,created
FNDA:0,(anonymous_11)
FNDA:0,(anonymous_12)
DA:25,0
DA:26,0
DA:27,0
DA:28,0
DA:29,0
DA:30,0
DA:31,0
DA:32,0
DA:44,0
DA:52,0
DA:55,0
DA:61,0
DA:67,0
DA:68,0
DA:69,0
DA:70,0
DA:71,0
DA:73,0
DA:75,0
DA:80,0
LF:20
LH:0
BRDA:55,0,0,0
BRDA:55,0,1,0
BRDA:55,0,2,0
BRDA:55,1,0,0
BRDA:55,1,1,0
BRDA:55,1,2,0
BRDA:55,1,3,0
BRDA:69,2,0,0
BRDA:69,2,1,0
BRF:9
BRH:0
end_of_record
TN:
SF:src/tab/tab.js
FN:12,(anonymous_0)
FNF:1
FNH:0
FNDA:0,(anonymous_0)
DA:6,0
DA:7,0
DA:9,0
DA:12,0
LF:4
LH:0
BRF:0
BRH:0
end_of_record
TN:
SF:src/utils/FreshmanYears.js
FNF:0
FNH:0
DA:1,0
LF:1
LH:0
BRF:0
BRH:0
end_of_record
TN:
SF:src/utils/GreetingsMessageLogic.js
FN:3,greetingValid
FNF:1
FNH:0
FNDA:0,greetingValid
DA:4,0
DA:5,0
DA:6,0
DA:7,0
DA:8,0
DA:9,0
DA:10,0
DA:11,0
DA:12,0
DA:13,0
DA:18,0
DA:27,0
DA:35,0
DA:43,0
DA:51,0
LF:15
LH:0
BRDA:4,0,0,0
BRDA:4,0,1,0
BRDA:4,1,0,0
BRDA:4,1,1,0
BRDA:6,2,0,0
BRDA:6,2,1,0
BRDA:6,3,0,0
BRDA:6,3,1,0
BRDA:8,4,0,0
BRDA:8,4,1,0
BRDA:8,5,0,0
BRDA:8,5,1,0
BRDA:10,6,0,0
BRDA:10,6,1,0
BRDA:10,7,0,0
BRDA:10,7,1,0
BRDA:12,8,0,0
BRDA:12,8,1,0
BRDA:12,9,0,0
BRDA:12,9,1,0
BRF:20
BRH:0
end_of_record
TN:
SF:src/utils/HotLinks.js
FNF:0
FNH:0
DA:1,1
LF:1
LH:1
BRF:0
BRH:0
end_of_record
TN:
SF:src/utils/RandomArrayIndex.js
FN:4,getRandomArrayIndex
FNF:1
FNH:0
FNDA:0,getRandomArrayIndex
DA:5,0
LF:1
LH:0
BRF:0
BRH:0
end_of_record
TN:
SF:src/utils/RandomMenuList.js
FNF:0
FNH:0
DA:3,0
LF:1
LH:0
BRF:0
BRH:0
end_of_record
TN:
SF:src/utils/TimeDistanceCalculator.js
FN:1,addZero
FN:9,getDistanceDays
FN:13,getDistanceFromAdmissionDay
FN:19,getDistancesFromToday
FNF:4
FNH:0
FNDA:0,addZero
FNDA:0,getDistanceDays
FNDA:0,getDistanceFromAdmissionDay
FNDA:0,getDistancesFromToday
DA:2,0
DA:3,0
DA:5,0
DA:10,0
DA:14,0
DA:15,0
DA:16,0
DA:20,0
DA:26,0
LF:9
LH:0
BRDA:2,0,0,0
BRDA:2,0,1,0
BRF:2
BRH:0
end_of_record
TN:
SF:src/utils/firebaseInit.js
FNF:0
FNH:0
DA:5,0
DA:12,0
DA:14,0
DA:15,0
LF:4
LH:0
BRF:0
BRH:0
end_of_record
TN:
SF:src/utils/getImageByTime.js
FN:3,(anonymous_0)
FNF:1
FNH:0
FNDA:0,(anonymous_0)
DA:3,0
DA:4,0
DA:5,0
LF:3
LH:0
BRDA:5,0,0,0
BRDA:5,0,1,0
BRDA:5,1,0,0
BRDA:5,1,1,0
BRF:4
BRH:0
end_of_record
TN:
SF:src/utils/imageToString.js
FN:3,(anonymous_0)
FN:4,(anonymous_1)
FN:7,(anonymous_2)
FNF:3
FNH:0
FNDA:0,(anonymous_0)
FNDA:0,(anonymous_1)
FNDA:0,(anonymous_2)
DA:3,0
DA:4,0
DA:5,0
DA:6,0
DA:7,0
LF:5
LH:0
BRF:0
BRH:0
end_of_record
TN:
SF:src/utils/tabWeatherValid.js
FN:3,(anonymous_0)
FNF:1
FNH:0
FNDA:0,(anonymous_0)
DA:3,0
DA:4,0
DA:7,0
DA:8,0
DA:11,0
DA:12,0
DA:15,0
DA:16,0
DA:19,0
DA:20,0
DA:23,0
DA:24,0
DA:28,0
DA:29,0
DA:32,0
DA:33,0
DA:36,0
DA:37,0
DA:41,0
DA:42,0
DA:45,0
DA:46,0
DA:49,0
DA:50,0
DA:53,0
DA:54,0
DA:60,0
DA:61,0
DA:64,0
DA:65,0
DA:68,0
DA:69,0
DA:71,0
LF:33
LH:0
BRDA:4,0,0,0
BRDA:4,0,1,0
BRDA:4,0,2,0
BRDA:4,0,3,0
BRDA:4,0,4,0
BRDA:4,0,5,0
BRDA:4,0,6,0
BRDA:4,0,7,0
BRDA:4,0,8,0
BRDA:4,0,9,0
BRDA:4,0,10,0
BRDA:4,0,11,0
BRDA:4,0,12,0
BRDA:4,0,13,0
BRDA:4,0,14,0
BRDA:4,0,15,0
BRDA:4,0,16,0
BRDA:4,0,17,0
BRDA:4,0,18,0
BRDA:4,0,19,0
BRDA:4,0,20,0
BRDA:4,0,21,0
BRDA:4,0,22,0
BRDA:4,0,23,0
BRDA:4,0,24,0
BRDA:4,0,25,0
BRDA:4,0,26,0
BRDA:4,0,27,0
BRDA:4,0,28,0
BRDA:4,0,29,0
BRDA:63,1,0,0
BRDA:63,1,1,0
BRF:32
BRH:0
end_of_record
